#auto generated file!
12.0;13;19;18
18.0;13;19;18
24.0;13;19;18
30.0;13;19;18
36.0;13;19;18
42.0;13;19;18
48.0;13;19;18
54.0;13;19;18
60.0;13;19;18
66.0;13;19;18
72.0;13;19;18
78.0;13;19;18
84.0;13;19;18
90.0;13;19;18
96.0;14;18;18
102.0;14;18;18
108.0;14;18;18
114.0;14;18;18
120.0;14;18;18
126.0;14;18;18
132.0;14;18;18
138.0;14;18;18
144.0;14;18;18
150.0;14;18;18
156.0;14;18;18
162.0;14;18;18
168.0;14;18;18
174.0;14;18;18
180.0;14;18;18
186.0;14;18;18
192.0;14;18;18
198.0;14;18;18
204.0;14;18;18
210.0;14;18;18
216.0;14;18;18
222.0;14;18;18
228.0;14;18;18
234.0;14;18;18
240.0;14;18;18
246.0;14;18;18
252.0;14;18;18
258.0;14;18;18
264.0;14;18;18
270.0;14;18;18
276.0;14;18;18
282.0;14;18;18
288.0;14;18;18
294.0;14;18;18
300.0;14;18;18
306.0;14;18;18
312.0;14;18;18
318.0;14;18;18
324.0;14;18;18
330.0;14;18;18
336.0;14;18;18
342.0;14;18;18
348.0;14;18;18
354.0;14;18;18
360.0;14;18;18
366.0;14;18;18
372.0;14;18;18
378.0;14;18;18
384.0;14;18;18
390.0;14;18;18
396.0;14;18;18
402.0;14;18;18
408.0;14;18;18
414.0;14;18;18
420.0;14;18;18
426.0;14;18;18
432.0;14;18;18
438.0;14;18;18
444.0;14;17;19
450.0;14;17;19
456.0;14;17;19
462.0;14;17;19
468.0;14;17;19
474.0;14;17;19
480.0;14;17;19
486.0;14;17;19
492.0;14;17;19
498.0;14;17;19
504.0;14;17;19
510.0;14;17;19
516.0;14;17;19
522.0;14;17;19
528.0;14;17;19
534.0;15;16;19
540.0;15;16;19
546.0;15;15;20
552.0;15;15;20
558.0;15;15;20
564.0;15;15;20
570.0;15;15;20
576.0;15;15;20
582.0;15;15;20
588.0;15;15;20
594.0;15;15;20
600.0;15;15;20
606.0;15;15;20
612.0;15;15;20
618.0;15;15;20
624.0;15;15;20
630.0;15;15;20
636.0;15;15;20
642.0;15;15;20
648.0;15;15;20
654.0;15;15;20
660.0;15;15;20
666.0;15;15;20
672.0;15;15;20
678.0;15;15;20
684.0;15;15;20
690.0;15;15;20
696.0;15;15;20
702.0;15;15;20
708.0;15;15;20
714.0;15;15;20
720.0;15;15;20
726.0;15;15;20
732.0;15;15;20
738.0;15;15;20
744.0;15;15;20
750.0;15;15;20
756.0;15;15;20
762.0;15;15;20
768.0;15;15;20
774.0;15;15;20
780.0;15;15;20
786.0;15;15;20
792.0;15;15;20
798.0;15;15;20
804.0;15;15;20
810.0;15;15;20
816.0;15;15;20
822.0;15;15;20
828.0;15;15;20
834.0;15;15;20
840.0;15;15;20
846.0;15;15;20
852.0;15;15;20
858.0;15;15;20
864.0;15;15;20
870.0;15;15;20
876.0;15;15;20
882.0;15;15;20
888.0;15;15;20
894.0;15;15;20
900.0;15;15;20
906.0;15;15;20
912.0;15;15;20
918.0;15;15;20
924.0;15;15;20
930.0;15;15;20
936.0;15;15;20
942.0;15;15;20
948.0;15;15;20
954.0;15;15;20
960.0;15;15;20
966.0;15;15;20
972.0;15;15;20
978.0;15;15;20
984.0;15;15;20
990.0;15;15;20
996.0;15;15;20
1002.0;15;15;20
1008.0;15;15;20
1014.0;15;15;20
1020.0;15;15;20
1026.0;15;15;20
1032.0;15;15;20
1038.0;15;16;19
1044.0;15;16;19
1050.0;15;16;19
1056.0;15;16;19
1062.0;15;16;19
1068.0;15;16;19
1074.0;15;16;19
1080.0;15;16;19
1086.0;15;16;19
1092.0;15;16;19
1098.0;15;16;19
1104.0;15;16;19
1110.0;15;16;19
1116.0;15;16;19
1122.0;15;16;19
1128.0;15;16;19
1134.0;15;16;19
1140.0;15;16;19
1146.0;15;16;19
1152.0;15;16;19
1158.0;15;16;19
1164.0;14;17;19
1170.0;14;17;19
1176.0;14;17;19
1182.0;14;17;19
1188.0;14;17;19
1194.0;14;17;19
1200.0;14;17;19
1206.0;14;17;19
1212.0;14;17;19
1218.0;14;17;19
1224.0;14;17;19
1230.0;14;17;19
1236.0;14;17;19
1242.0;14;17;19
1248.0;14;17;19
1254.0;14;17;19
1260.0;14;17;19
1266.0;14;17;19
1272.0;14;17;19
1278.0;14;17;19
1284.0;14;17;19
1290.0;14;17;19
1296.0;14;17;19
1302.0;14;17;19
1308.0;14;17;19
1314.0;14;17;19
1320.0;14;17;19
1326.0;14;17;19
1332.0;14;17;19
1338.0;14;17;19
1344.0;14;17;19
1350.0;14;17;19
1356.0;14;17;19
1362.0;14;17;19
1368.0;14;17;19
1374.0;14;17;19
1380.0;14;17;19
1386.0;14;17;19
1392.0;13;18;19
1398.0;13;18;19
1404.0;13;18;19
1410.0;13;18;19
1416.0;13;18;19
1422.0;13;18;19
1428.0;13;18;19
1434.0;13;18;19
1440.0;13;18;19
1446.0;13;18;19
1452.0;13;18;19
1458.0;13;18;19
1464.0;13;18;19
1470.0;13;18;19
1476.0;13;18;19
1482.0;13;18;19
1488.0;13;18;19
1494.0;13;18;19
1500.0;13;18;19
1506.0;13;18;19
1512.0;13;18;19
1518.0;13;18;19
1524.0;13;18;19
1530.0;13;18;19
1536.0;13;18;19
1542.0;13;18;19
1548.0;13;18;19
1554.0;13;18;19
1560.0;13;18;19
1566.0;13;18;19
1572.0;13;18;19
1578.0;13;18;19
1584.0;13;18;19
1590.0;13;18;19
1596.0;13;18;19
1602.0;13;18;19
1608.0;13;18;19
1614.0;13;18;19
1620.0;13;18;19
1626.0;13;18;19
1632.0;13;18;19
1638.0;13;18;19
1644.0;13;18;19
1650.0;13;18;19
1656.0;13;18;19
1662.0;13;18;19
1668.0;13;18;19
1674.0;13;18;19
1680.0;13;18;19
1686.0;13;18;19
1692.0;13;18;19
1698.0;13;18;19
1704.0;13;18;19
1710.0;13;18;19
1716.0;13;18;19
1722.0;13;18;19
1728.0;13;18;19
1734.0;13;18;19
1740.0;13;18;19
1746.0;13;18;19
1752.0;13;18;19
1758.0;13;18;19
1764.0;13;18;19
1770.0;13;18;19
1776.0;13;18;19
1782.0;13;18;19
1788.0;13;18;19
1794.0;13;18;19
