#auto generated file!
1594;66;1004;1;5;1;0;13077;695;76;183.02368793606283;183.67947200629098;4
1653;46;1004;1;4;1;0;3600;105;8;189.56526561989273;189.7468113623657;4
1690;71;1005;2;8;1;0;12476;368;10;194.48437268609294;195.10990759116467;4
1694;71;1005;2;9;1;0;3609;441;22;195.06314681824665;195.24540759116468;4
1711;45;1004;1;4;1;0;11352;16;245;196.7360703853205;197.30515959979562;4
1737;68;1003;0;0;1;0;7839;125;7;200.63340054836945;201.02694274049585;4
1739;68;1003;0;1;1;0;5737;287;83;200.85328052757782;201.1418197828149;4
1744;9;1004;1;5;1;0;7124;24;60;201.57620215821947;201.9339460511375;4
1815;16;1005;2;8;1;0;2130;96;45;210.74119509224656;210.8492850651646;4
1864;21;1003;0;0;1;0;175;149;16;214.44289265037358;215.11075096857542;4
1889;69;1004;1;6;1;1;28582;33;10;217.76958375140188;219.20175886124548;4
1924;9;1003;0;0;1;0;6682;191;122;220.87429069649056;221.21003585268886;4
2018;9;1004;1;4;1;0;14534;164;23;229.47717567454634;230.20550916746436;4
2033;12;1004;1;4;1;0;7986;78;41;231.14862064917958;231.55104200977263;4
2045;40;1004;1;6;1;1;46061;140;11;231.75358435594487;234.0598497913447;4
2069;2;1005;2;8;1;0;8424;158;129;234.39226861631636;234.8150963644033;4
2149;12;1004;1;5;1;0;2194;51;73;241.63284179337285;241.7440959876732;4
2161;37;1005;2;8;1;0;1443;20;9;242.3617342650454;242.43542559796342;4
2188;56;1005;2;9;1;0;1886;835;13;244.99720659172053;245.09356952463855;4
2212;8;1003;0;0;1;0;56;313;42;247.38651808290447;248.20676664267282;4
2250;9;1004;1;5;1;0;2548;182;99;252.11198367316572;252.24102868608372;4
2255;61;1004;1;4;1;0;1935;225;115;253.12451036000286;253.22460542583886;4
2396;29;1005;2;8;1;0;5320;1506;10;270.6022202916436;270.87071266456167;4
2424;33;1004;1;4;1;0;4151;935;30;273.94479087850976;274.1544678114278;4
2444;55;1003;0;2;1;1;22759;97;73;276.6029593070237;277.7424771908497;4
2455;15;1004;1;4;1;0;3400;309;33;277.8465436416796;278.01826993459764;4
2510;27;1005;2;9;1;0;2235;358;73;282.7627075820129;282.8762152349309;4
2517;72;1004;1;4;1;0;9510;151;4;283.7396462079402;284.21673941067803;4
2519;71;1005;2;8;1;0;11882;33;49;284.21733887007787;284.8129428079997;4
2551;69;1004;1;7;1;1;12840;461;268;288.37151487801344;289.0153332964689;4
2589;69;1005;2;10;1;1;7961;246;7;292.01827429945916;292.41969624529526;4
2609;56;1004;1;4;1;0;5053;844;45;293.8238078264489;294.0784974647515;4
2618;58;1004;1;5;1;0;2700;845;66;294.72456839936996;294.861637732288;4
2683;9;1004;1;4;1;0;6325;232;31;299.54326066810813;299.8611577173242;4
2723;31;1005;2;9;1;0;6014;21;9;302.6320814806651;302.9342876711893;4
2764;28;1005;2;8;1;0;2739;9;49;307.10729041215507;307.2457747050731;4
2801;60;1004;1;4;1;0;6716;121;42;310.27585723669665;310.6148691825327;4
2855;58;1005;2;9;1;0;9738;86;54;316.76223854598487;317.2507221189029;4
2859;20;1004;1;4;1;0;181;35;26;317.48867263709104;319.08019244450367;4
2869;28;1005;2;9;1;0;1598;386;71;319.03536270160197;319.11703827452;4
2865;38;1003;0;2;1;1;22777;450;89;318.3708240687274;319.511468220429;4
2868;28;1005;2;8;1;0;18119;353;105;318.6622592614853;319.56993827452;4
2910;67;1005;2;8;1;0;16929;47;88;323.2976012657614;324.1455655820223;4
2973;47;1005;2;8;1;0;7746;297;8;331.16747992487655;331.55647026901124;4
2975;62;1004;1;4;1;0;6897;190;16;331.258409018262;331.6065173283224;4
2981;35;1003;0;0;1;0;7656;88;18;331.9820764726782;332.36642114722144;4
2988;34;1004;1;4;1;0;10310;758;81;332.9158074926425;333.4332783487944;4
3029;47;1005;2;8;1;0;2410;370;1;336.52371657209443;336.64598190501243;4
3119;58;1004;1;4;1;0;4172;11;15;346.01183807732804;346.221973650246;4
3153;50;1004;1;4;1;0;2438;1069;52;349.1473099305789;349.2714226234969;4
3252;70;1005;2;8;1;0;4126;406;13;356.56606616377024;356.7741383489603;4
3321;68;1004;1;4;1;0;6550;142;85;360.47792792074284;360.8070473336608;4
3375;45;1004;1;4;1;0;3595;119;18;364.06313495552604;364.2444896484441;4
3382;66;1004;1;4;1;0;3118;98;129;364.7581155267088;364.9156067796268;4
3391;27;1004;1;4;1;0;6437;449;56;365.84376725119773;366.1674331441157;4
3418;41;1003;0;1;1;0;8922;239;234;368.6441242585637;369.11125628594385;4
3434;47;1003;0;0;1;0;3534;686;3;370.42907491463666;370.6229341045672;4
3470;60;1004;1;4;1;0;3417;175;50;374.146988883518;374.319479416436;4
3503;73;1005;2;8;1;0;2527;1054;218;379.4374635301212;379.5660001189642;4
3517;35;1005;2;9;1;0;2197;653;89;381.13293371350363;381.2447301664216;4
3615;37;1005;2;8;1;0;104;198;40;392.0803192359459;392.59188389687;4
3635;4;1003;0;0;1;0;10650;189;3;395.9400580783597;396.4741870778987;4
3640;34;1005;2;8;1;0;47;1460;48;396.2764535231861;396.5480406901758;4
3705;30;1003;0;0;1;0;2736;177;22;402.82490568250563;402.96498930834167;4
3734;70;1005;2;8;1;0;1810;321;71;405.19699349858706;405.28922381592827;4
3809;46;1004;1;4;1;0;1935;377;144;412.0885569037049;412.18884652954097;4
3803;59;1004;1;5;1;0;7118;355;56;411.87859095108183;412.23624652954095;4
3864;24;1005;2;8;1;0;5629;667;40;415.7970450514034;416.08041897116897;4
3876;49;1003;0;0;1;0;3621;606;7;416.7514968678425;416.93443852413543;4
3875;14;1004;1;5;1;0;12245;258;3;416.63012640707717;417.24402338253077;4
3923;11;1005;2;9;1;0;525;32;25;420.5089319734094;420.5504809863274;4
3924;11;1004;1;4;1;0;842;996;31;420.52395428827214;420.5835829084408;4
3952;56;1005;2;9;1;0;4728;133;146;421.8208396154099;422.05885326832794;4
4014;24;1004;1;4;1;0;7117;720;78;426.83965955719884;427.1974725476803;4
4055;27;1004;1;4;1;0;8436;254;37;431.1303805446488;431.55553552887346;4
4069;19;1004;1;5;1;0;3195;415;90;433.3942922344661;433.5558363673841;4
4128;36;1005;2;11;1;1;10638;1148;44;440.975269585842;441.5116840682063;4
4168;21;1005;2;8;1;0;6396;102;49;445.9782301093647;446.29960630948426;4
4215;48;1005;2;9;1;0;7833;967;21;450.1803857663464;450.57413653293577;4
4231;5;1004;1;4;1;0;6957;129;36;452.8429881803282;453.21199125536486;4
4260;66;1003;0;0;1;0;2851;116;41;456.4523676732313;456.596493946594;4
4276;35;1004;1;4;1;0;6587;379;112;458.1114655359104;458.4425502506211;4
4309;22;1004;1;4;1;0;11689;128;116;460.9396253716736;461.5256507984408;4
4312;31;1003;0;0;1;0;6544;6;16;461.33195373524165;461.6621704902717;4
4315;40;1003;0;3;1;1;1059;323;28;461.62315359545573;461.6795741012918;4
4344;3;1005;2;8;1;0;7132;21;140;464.992920862983;465.35105621313966;4
4356;2;1003;0;0;1;0;10516;99;38;466.16775125201406;466.69514314493205;4
4410;51;1004;1;4;1;0;4622;58;103;471.29679394983157;471.5225581262004;4
4485;23;1003;0;2;1;1;9837;438;122;477.5572585707506;478.0508999459598;4
4525;13;1004;1;4;1;0;5058;1333;10;480.87001517858977;481.1252968315078;4
4528;52;1003;0;0;1;0;31;342;168;481.31196404515356;481.40481031754706;4
4535;4;1005;2;9;1;0;6233;353;62;482.0822100520673;482.39558275148323;4
4574;65;1003;0;0;1;0;8566;92;3;485.0508131051589;485.48068827691253;4
4580;37;1004;1;4;1;0;1099;599;59;485.58061307778524;485.6374749707033;4
4611;20;1004;1;4;1;0;2988;40;132;488.0345763197909;488.1870845856269;4
4635;64;1003;0;0;1;0;6713;608;58;490.7716474892107;491.1286327033257;4
4689;60;1004;1;4;1;0;94;39;28;496.79171657911485;497.1529058264191;4
4750;56;1003;0;0;1;0;5866;42;29;504.4311224183098;504.72597783122785;4
4790;44;1005;2;10;1;1;10266;646;130;509.65374495883964;510.1709289046757;4
4823;15;1005;2;8;1;0;11908;231;40;513.4194790658919;514.01655543881;4
4843;26;1004;1;6;1;1;10861;274;316;515.2264490444201;515.7711909352364;4
4845;4;1005;2;8;1;0;191;127;17;515.2939269923004;516.1637137749043;4
4920;58;1005;2;8;1;0;12523;468;146;523.3627974145111;523.9907754674291;4
4953;70;1003;0;0;1;0;189;266;16;526.6043114453269;526.9420041409978;4
4978;43;1005;2;8;1;0;77;116;188;529.0184129449295;529.2994178317242;4
4977;69;1003;0;3;1;1;12090;353;5;528.9158455435764;529.5220924093542;4
5135;54;1003;0;0;1;0;3141;295;137;542.610469486052;542.7692368189701;4
5142;9;1005;2;8;1;0;1275;23;17;543.4453861782758;543.5106794311939;4
5148;73;1003;0;0;1;0;7773;468;26;544.079249070808;544.4715402737573;4
5152;49;1003;0;1;1;0;4240;215;41;544.3144741408394;544.5281132496036;4
5161;67;1005;2;8;1;0;1250;278;19;544.9521332080805;545.0163396609985;4
5166;33;1003;0;0;1;0;4072;709;183;545.4849417417506;545.6905240346687;4
5196;11;1004;1;4;1;0;2020;401;11;548.9629204757504;549.0674611690273;4
5197;27;1004;1;5;1;0;1904;1186;45;549.0249735961092;549.1224611690272;4
5224;59;1003;0;0;1;0;2298;30;107;551.9265257765602;552.0429735094782;4
5259;73;1005;2;8;1;0;1565;924;12;556.1728980320232;556.2532679249413;4
5267;45;1003;0;1;1;0;8519;975;7;557.4098824119196;557.8379662467863;4
5327;28;1005;2;8;1;0;4958;694;8;563.8610663818325;564.1228270185962;4
5398;22;1005;2;8;1;0;5147;162;168;571.696868373372;571.9558293829217;4
5418;25;1003;0;0;1;0;127;303;1;573.3665835434922;573.8630100078767;4
5480;43;1003;0;1;1;0;2161;87;52;581.0692251377209;581.178859350639;4
5489;50;1005;2;8;1;0;8706;254;49;581.9711869353004;582.4217771785136;4
5484;40;1005;2;11;1;1;29363;409;84;581.2690183576661;582.7389521785136;4
5531;15;1005;2;8;1;0;1499;232;11;586.3235911927112;586.4002182056291;4
5536;11;1003;0;1;1;0;2971;455;29;586.6461730834742;586.7965395863961;4
5606;7;1005;2;10;1;1;45870;1257;502;591.9612469851849;594.2593923132143;4
5638;59;1004;1;4;1;0;3436;134;94;594.4456008464484;594.6206294322844;4
5654;28;1004;1;5;1;0;200;138;23;595.3331140474867;595.9024823702284;4
5677;8;1005;2;8;1;0;8115;1199;37;597.4408258960059;597.8488305662066;4
5703;2;1004;1;4;1;0;2898;61;95;600.3498141889147;600.4962435783525;4
5727;31;1003;0;0;1;0;2631;121;31;602.5116121472473;602.644741621367;4
5726;41;1004;1;5;1;0;10448;509;48;602.5008029791197;603.0250141936027;4
5737;49;1004;1;4;1;0;3947;78;133;603.4719510407963;603.6724193891849;4
5761;60;1003;0;0;1;0;7592;115;58;605.8505328318679;606.2317349647859;4
5767;27;1004;1;5;1;0;7480;373;30;606.4837493314031;606.8594983552329;4
5795;60;1004;1;4;1;0;4186;141;62;609.530815951978;609.741734724896;4
5802;21;1003;0;1;1;0;9925;92;43;610.174775689633;610.6726120732433;4
5892;38;1003;0;2;1;1;31968;10;60;620.7120264683755;622.3134805332639;4
5909;38;1004;1;6;1;1;32424;927;6;622.7990078228725;624.4223057509247;4
5938;13;1003;0;1;1;0;55;67;72;626.1827852413319;626.4851566542499;4
5944;68;1004;1;4;1;0;119;22;14;626.6096261360785;627.2811682812167;4
5996;44;1005;2;11;1;1;23975;847;54;631.3187578970892;632.5216267321164;4
6077;43;1005;2;8;1;0;5683;102;34;641.2331091815417;641.5188236442385;4
6079;10;1005;2;10;1;1;24899;344;34;641.3598749513205;642.6065686781648;4
6121;6;1005;2;8;1;0;9585;250;131;646.2176204195652;646.7145054645522;4
6194;29;1003;0;1;1;0;10939;547;61;652.6439251445968;653.1841217960765;4
6229;32;1005;2;8;1;0;4266;48;1;655.4808929522493;655.6957522051673;4
6233;9;1003;0;0;1;0;9402;23;27;655.7450813241961;656.2167028330214;4
6254;49;1005;2;9;1;0;7635;49;56;657.4342559077792;657.81753621274;4
6271;68;1003;0;1;1;0;3975;187;119;659.1881832266848;659.3885814396028;4
6318;60;1004;1;5;1;0;4140;284;3;663.5662970384585;663.7750073313765;4
6339;62;1005;2;8;1;0;3611;136;17;666.0129008102311;666.1950212166289;4
6350;14;1004;1;4;1;0;9925;264;92;667.1077966476088;667.6057211486975;4
6398;59;1004;1;4;1;0;5312;391;24;671.7937124260307;672.0610528855888;4
6431;17;1004;1;4;1;0;8799;451;105;674.7991293291417;675.2408588624182;4
6493;38;1003;0;2;1;1;6649;1107;68;682.4276434932912;682.7645675191272;4
6494;64;1003;0;0;1;0;11968;1116;34;682.4312767419506;683.0304992585604;4
6511;24;1003;0;0;1;0;10890;64;49;684.670321938817;685.216391431735;4
6595;19;1005;2;9;1;0;6017;266;4;694.2002395580744;694.5027883309923;4
6638;74;1004;1;4;1;0;3004;852;9;698.9705909948806;699.1228530711684;4
6674;4;1005;2;9;1;0;2964;268;160;703.0994003572843;703.2493004102023;4
6824;74;1005;2;9;1;0;3747;662;14;715.4126660626969;715.5992187843137;4
6894;29;1004;1;4;1;0;7432;298;111;720.8586262761263;721.2318994822729;4
6938;56;1003;0;0;1;0;6906;137;45;724.0658765520847;724.4127499990345;4
7000;56;1005;2;8;1;0;2044;224;177;730.6514884899797;730.7553603828977;4
7019;45;1003;0;0;1;0;5449;178;12;732.5305551019557;732.8046442619725;4
7033;39;1003;0;0;1;0;5827;288;90;734.4635636952054;734.7565890017295;4
7108;53;1005;2;9;1;0;2636;395;6;742.0708114715965;742.2043928045144;4
7157;65;1003;0;1;1;0;7009;7;25;748.227999141318;748.5799729574193;4
7162;65;1005;2;8;1;0;10535;215;57;749.0230259135486;749.5513957329914;4
7188;13;1005;2;8;1;0;10538;16;64;751.6848565578788;752.2132504638807;4
7195;22;1003;0;1;1;0;50;685;121;752.2376120778371;752.499195943673;4
7222;5;1004;1;4;1;0;2720;87;115;755.0460441064292;755.1836283193472;4
7290;44;1004;1;6;1;1;10026;572;281;763.2815873896085;763.7866700935302;4
7295;63;1003;0;1;1;0;1374;74;127;763.7677705247;763.8380464176181;4
7296;72;1003;0;0;1;0;4731;112;1;764.1412019648853;764.3793215978178;4
7320;19;1003;0;1;1;0;6353;1157;81;767.1497177754741;767.469606589815;4
7322;52;1005;2;8;1;0;5407;278;28;767.3417418480806;767.626625250383;4
7388;58;1004;1;4;1;0;5536;46;95;772.7941810994049;773.0725340055886;4
7395;24;1004;1;4;1;0;86;25;8;773.2285560203923;773.7665949081462;4
7416;27;1004;1;5;1;0;2465;315;54;774.706387647463;774.831367780381;4
7414;66;1004;1;4;1;0;5676;55;171;774.5965893094856;774.883467780381;4
7452;46;1003;0;0;1;0;1039;629;39;777.1228084793663;777.1766895722843;4
7450;35;1004;1;4;1;0;15019;347;69;777.0029478189712;777.755607006471;4
7483;56;1005;2;8;1;0;4930;218;7;779.0217499921043;779.2699180450223;4
7508;34;1004;1;4;1;0;2409;308;57;781.8336616806633;781.9558353248332;4
7549;39;1003;0;1;1;0;7313;113;97;786.5341188621352;786.9013697150532;4
7567;47;1003;0;0;1;0;8949;115;25;788.4632488256581;788.905393227551;4
7608;61;1004;1;4;1;0;35;225;6;793.5091813006663;794.398837085685;4
7621;28;1003;0;1;1;0;1282;72;100;794.7909957150445;794.8566703279625;4
7690;4;1005;2;8;1;0;26586;620;32;803.6315713645154;804.9627652355339;4
7887;9;1005;2;9;1;0;4683;68;110;827.2966219936806;827.5322972509877;4
7927;39;1005;2;8;1;0;3187;175;77;830.6997795205917;830.8607700535098;4
8003;22;1004;1;4;1;0;10850;194;148;835.7208584875912;836.2666638734272;4
8016;37;1005;2;8;1;0;13295;113;132;836.8453458225107;837.5116511402632;4
8030;56;1004;1;4;1;0;5255;73;2;837.8027736227626;838.0686741285986;4
8059;45;1004;1;4;1;0;3573;369;7;839.8028803352398;839.9950921958018;4
8073;52;1005;2;8;1;0;4652;280;28;840.5321903228639;840.7664633237882;4
8121;66;1004;1;5;1;0;75;426;173;844.6435531563701;845.287617576611;4
8184;29;1005;2;9;1;0;5051;9;16;851.3391346334215;851.5932189263395;4
8236;12;1004;1;5;1;0;5803;100;16;857.6583028152107;857.9516256790179;4
8273;8;1003;0;0;1;0;2346;117;20;861.7425189393042;861.8614223522222;4
8296;8;1003;0;1;1;0;874;154;22;865.470379187028;865.515706279946;4
8298;67;1005;2;8;1;0;5068;1668;77;865.7028483450831;865.9588181502465;4
8330;30;1004;1;4;1;0;17119;947;84;868.9977259450504;869.8557613051382;4
8346;49;1004;1;4;1;0;1814;480;267;870.4709604842693;870.5634962171873;4
8369;37;1004;1;4;1;0;8657;260;39;872.2080866945145;872.6425817419604;4
8389;65;1005;2;8;1;0;5606;706;19;874.768418862952;875.0506992358701;4
8415;14;1004;1;4;1;0;16512;168;71;877.4561189679597;878.2971859925715;4
8434;33;1003;0;0;1;0;6640;214;15;879.032446312372;879.3660768606354;4
8438;46;1003;0;0;1;0;8781;87;18;879.372067048256;879.8051235342178;4
8452;28;1003;0;1;1;0;6100;455;18;880.9003596943737;881.2071794272916;4
8476;28;1004;1;5;1;0;4624;218;13;883.217673314559;883.4505028141037;4
8477;17;1005;2;8;1;0;5536;492;225;883.2294664558414;883.5080848687594;4
8474;4;1003;0;1;1;0;13443;381;29;883.1890323940966;883.8629136400493;4
8490;61;1005;2;8;1;0;5254;307;43;883.9020867754119;884.1664650036179;4
8505;51;1003;0;0;1;0;6499;19;108;885.3973350898258;885.7238257827438;4
8517;27;1004;1;4;1;0;1304;83;24;886.587501122765;886.6542827756831;4
8520;15;1004;1;4;1;0;6687;60;28;886.6784963591265;887.0143827756831;4
8524;7;1005;2;11;1;1;10516;321;15;886.896659997085;887.4259056222597;4
8551;74;1003;0;0;1;0;9163;21;12;888.8771517484403;889.3330417682402;4
8657;4;1003;0;0;1;0;6519;6;26;898.2707141352024;898.5981965081205;4
8827;57;1003;0;0;1;0;6538;5;39;917.4158973586582;917.7443290915762;4
8880;25;1004;1;4;1;0;2622;218;42;923.7795443272558;923.9123123801738;4
8923;49;1004;1;4;1;0;98;98;113;929.0022291044464;930.2538103545999;4
8974;31;1005;2;8;1;0;4405;132;87;935.3332152757149;935.5550738133068;4
8987;62;1005;2;8;1;0;11046;250;7;936.4602781813784;937.0338753305431;4
8991;51;1005;2;8;1;0;1821;38;19;937.3563835833462;937.4489445149452;4
9004;58;1005;2;9;1;0;5473;451;52;938.4973206147802;938.772786874123;4
9026;71;1003;0;0;1;0;15600;184;117;941.5183633420621;942.3000096349801;4
9044;22;1004;1;4;1;0;1985;114;112;943.4902778675905;943.5911293605085;4
9073;1;1004;1;4;1;0;1905;366;9;945.9006177890413;945.9976226990811;4
9077;25;1003;0;0;1;0;3101;307;122;946.1137402774317;946.2705152903496;4
9062;69;1004;1;7;1;1;53497;1389;52;944.9153572678357;947.595018911496;4
9135;31;1005;2;8;1;0;7856;92;44;950.8639237675062;951.2583111804242;4
9143;62;1004;1;4;1;0;4821;166;89;951.7477363166936;951.9920179946956;4
9144;34;1004;1;5;1;0;9580;73;86;951.7817927417776;952.2623342577602;4
9151;34;1003;0;1;1;0;5701;175;21;952.1128306850519;952.4011617508879;4
9196;31;1005;2;8;1;0;7479;129;41;955.3221154692368;955.6976268231241;4
9200;30;1005;2;8;1;0;11372;351;3;955.4539542359538;956.0355405195857;4
9264;50;1004;1;5;1;0;6866;279;17;960.5290035996932;960.873972633125;4
9272;63;1003;0;1;1;0;137;272;8;960.797007805103;960.9055130309391;4
9288;62;1004;1;4;1;0;1038;615;56;962.2529564270358;962.3067785599538;4
9335;17;1004;1;4;1;0;5749;47;6;966.2817547568224;966.5707222868753;4
9354;33;1003;0;0;1;0;2517;5;5;968.7581356199149;968.8855118823516;4
9393;71;1004;1;4;1;0;4284;109;5;973.4073143298984;973.6231126228165;4
9427;2;1003;0;0;1;0;6071;156;89;976.599564810907;976.9046992269414;4
9447;45;1005;2;8;1;0;6360;142;63;978.3971339205397;978.7167533334576;4
9464;26;1004;1;6;1;1;9746;262;3;980.013735072132;980.5044201016042;4
9484;30;1004;1;4;1;0;1278;33;9;982.7375005940455;982.8029442744242;4
9498;58;1004;1;5;1;0;5020;779;127;984.8976313110084;985.1506584039264;4
9549;57;1005;2;8;1;0;5140;101;38;991.3704725221972;991.6243590133341;4
9567;54;1004;1;4;1;0;6055;46;122;993.4372586836118;993.7415280172593;4
9578;42;1003;0;1;1;0;1137;298;78;994.754806436366;994.8321256892841;4
9588;62;1003;0;0;1;0;4251;46;175;996.2197060734196;996.4338140463376;4
9597;37;1004;1;4;1;0;2346;209;102;997.0670162209299;997.1859785138479;4
9651;34;1005;2;9;1;0;6965;745;54;1003.5381901225161;1003.8884454554341;4
9649;7;1004;1;6;1;1;21211;1844;71;1003.4982143529187;1004.5641681881424;4
9671;27;1004;1;5;1;0;8067;381;164;1005.7046761063059;1006.1115581561911;4
9681;9;1003;0;0;1;0;13858;50;122;1006.2315042593139;1006.9259400836992;4
9693;62;1005;2;9;1;0;2160;23;39;1007.3229016188305;1007.4324279301115;4
9690;68;1003;0;0;1;0;6821;25;50;1007.2192751437208;1007.5618263079004;4
9750;8;1003;0;1;1;0;7640;17;61;1011.8190176087634;1012.2025218050798;4
9752;57;1005;2;9;1;0;9188;166;13;1011.8597384355181;1012.3148856767789;4
9811;33;1004;1;4;1;0;583;122;1;1016.1511081193405;1016.1818647322585;4
9836;6;1003;0;1;1;0;6818;158;134;1018.2474126439517;1018.5899009104512;4
9852;49;1004;1;5;1;0;3948;1;13;1019.4691459906659;1019.6680296211997;4
9899;66;1003;0;0;1;0;2147;44;65;1023.1269909868424;1023.2358976797605;4
9904;18;1004;1;5;1;0;7060;39;1;1023.7703430377801;1024.1248713329164;4
9963;52;1005;2;8;1;0;929;13;66;1030.055144643736;1030.103131496654;4
9985;9;1004;1;4;1;0;7071;347;68;1032.3965607504797;1032.7518266950115;4
10009;32;1004;1;5;1;0;3959;109;17;1035.4298361741407;1035.6293394447;4
10025;10;1004;1;7;1;1;5881;132;125;1037.0713617985932;1037.367024811511;4
10027;42;1004;1;4;1;0;5964;24;81;1037.527573975204;1037.827317868122;4
10042;20;1004;1;4;1;0;138;21;112;1039.774322358637;1040.1171613720387;4
10086;65;1005;2;8;1;0;4129;812;186;1044.9524965360044;1045.1609947489223;4
10116;20;1003;0;0;1;0;1956;425;141;1047.8640718530396;1047.9636723859576;4
10180;49;1005;2;8;1;0;1650;517;45;1054.4783005547679;1054.562659967686;4
10259;31;1005;2;8;1;0;7576;231;34;1062.6092775062632;1062.989727142201;4
10357;43;1004;1;4;1;0;1217;279;11;1070.924873379467;1070.989137565303;4
10346;12;1003;0;0;1;0;15882;300;12;1070.579631878167;1071.3754394427694;4
10359;22;1004;1;4;1;0;9903;138;43;1071.127591545782;1071.6243410613047;4
10400;46;1004;1;4;1;0;7763;42;4;1074.90322887557;1075.2929179693433;4
10431;65;1004;1;4;1;0;2915;28;14;1077.463039214907;1077.610335667825;4
10491;62;1003;0;0;1;0;1924;61;37;1082.1790642787769;1082.276790060688;4
10489;33;1004;1;5;1;0;8522;306;18;1081.8890478904823;1082.3286535039563;4
10530;64;1003;0;1;1;0;842;30;161;1086.131890047907;1086.175537780825;4
10551;67;1003;0;0;1;0;4845;30;24;1088.6187801416338;1088.8625778745518;4
10558;27;1004;1;4;1;0;9324;978;4;1090.3551909162557;1090.8235453691736;4
10569;21;1004;1;4;1;0;193;109;14;1091.7154578655077;1091.8224600314006;4
10576;19;1004;1;5;1;0;5900;296;34;1092.0788699449406;1092.3772940651797;4
10581;18;1004;1;4;1;0;4423;20;329;1092.920703907844;1093.143391949081;4
10641;65;1003;0;0;1;0;30;913;149;1099.940818963773;1101.993412531584;4
10684;71;1003;0;0;1;0;2525;67;12;1105.2802913790133;1105.408079471394;4
10680;72;1005;2;8;1;0;173;40;10;1104.8092190612567;1105.65469242079;4
10739;27;1005;2;8;1;0;1540;59;41;1111.4055623093345;1111.4841286022524;4
10758;29;1003;0;0;1;0;2699;357;156;1113.358391783745;1113.495098796663;4
10832;44;1003;0;2;1;1;37634;1300;59;1121.1148494004467;1122.9988938293216;4
10916;62;1004;1;4;1;0;7160;81;43;1128.2900797376467;1128.6496601105646;4
10924;61;1004;1;4;1;0;2265;410;4;1129.350781284419;1129.4675872477023;4
10922;43;1005;2;8;1;0;7243;35;45;1129.2170216871857;1129.580678792057;4
10985;20;1004;1;4;1;0;1406;235;148;1134.8977271210786;1134.9697060539966;4
10986;66;1004;1;4;1;0;959;55;197;1135.1106752821534;1135.1601890150712;4
11018;11;1005;2;8;1;0;2983;320;94;1137.350886636126;1137.501769969044;4
11049;30;1005;2;9;1;0;3894;562;71;1140.0133282110319;1140.2099164239498;4
11060;61;1004;1;4;1;0;3976;170;4;1140.7644792729557;1140.9665539387918;4
11077;13;1003;0;0;1;0;13555;626;6;1142.961685034533;1143.6413517191097;4
11097;14;1005;2;8;1;0;6067;190;59;1145.1846379697504;1145.4896381026683;4
11124;65;1005;2;8;1;0;2369;198;79;1148.3145799215047;1148.4346851744226;4
11135;57;1003;0;1;1;0;2104;16;110;1149.626887056805;1149.7336258297228;4
11155;39;1003;0;1;1;0;2241;206;19;1152.7592234280628;1152.8728838941456;4
11158;39;1003;0;0;1;0;3506;81;148;1152.8220535212276;1152.9989205877862;4
11257;1;1005;2;8;1;0;4924;152;39;1164.198201123438;1164.4460054038016;4
11263;63;1003;0;1;1;0;5898;398;12;1165.6224467965048;1165.9190831445944;4
11298;63;1005;2;9;1;0;7421;378;214;1169.6116104166158;1169.9844108113116;4
11296;4;1003;0;0;1;0;83;142;24;1169.596521390185;1170.4805667455128;4
11319;46;1003;0;1;1;0;4039;326;33;1171.6148364135015;1171.8185235864194;4
11329;8;1004;1;4;1;0;4303;123;55;1172.5928549544783;1172.8095844630634;4
11335;30;1005;2;9;1;0;45;102;53;1173.7625566494119;1174.182938053762;4
11375;62;1004;1;4;1;0;1519;302;51;1179.8388788599996;1179.9165506729175;4
11384;33;1003;0;0;1;0;1471;808;1;1181.0968235425617;1181.1724191954797;4
11393;36;1005;2;10;1;1;22488;549;34;1182.2790589466356;1183.4072027517225;4
11435;27;1003;0;0;1;0;8384;304;66;1186.5654191017254;1186.98801945724;4
11447;23;1004;1;7;1;1;8371;228;610;1187.7174767595056;1188.1393585132491;4
11463;4;1003;0;0;1;0;4195;411;71;1189.394337718899;1189.6058792918168;4
11501;61;1004;1;4;1;0;665;1;14;1192.261749414077;1192.296528586995;4
11512;29;1003;0;1;1;0;4098;387;82;1193.079382081896;1193.2860111653151;4
11525;37;1004;1;5;1;0;1014;405;65;1193.8734974420397;1193.9259851749578;4
11526;9;1005;2;8;1;0;2079;166;176;1194.0164046612656;1194.1219788103635;4
11541;11;1005;2;9;1;0;958;837;36;1195.249169608977;1195.2991338218949;4
11591;42;1005;2;9;1;0;2914;112;15;1198.8150720046854;1198.9623722176034;4
11611;53;1005;2;9;1;0;2563;395;70;1200.6888236591349;1200.832905378412;4
11630;32;1003;0;0;1;0;6580;40;34;1202.5232677509825;1202.8537896705584;4
11707;57;1005;2;9;1;0;7347;311;37;1209.4664222804981;1209.8354998534162;4
11737;20;1003;0;0;1;0;3688;586;107;1213.3704526544675;1213.5567562273857;4
11765;2;1003;0;1;1;0;11543;56;30;1215.7227151324025;1216.3013839599184;4
11775;24;1005;2;8;1;0;5942;25;141;1217.162659355735;1217.461257630664;4
11836;30;1005;2;9;1;0;3508;280;153;1224.1168607301329;1224.293968463051;4
11854;48;1003;0;0;1;0;4584;49;116;1226.4286558821564;1226.6594008590373;4
11906;13;1003;0;0;1;0;9739;287;11;1231.243806325516;1231.7324462349084;4
11942;58;1005;2;9;1;0;1637;202;16;1235.8664456758238;1235.9499534887418;4
11949;37;1003;0;0;1;0;4129;168;26;1236.5638352384863;1236.7719212914042;4
11980;10;1005;2;11;1;1;9452;20;196;1241.8590189691852;1242.3346804668786;4
12011;66;1004;1;4;1;0;11491;64;2;1245.0070802522796;1245.5831609274323;4
12017;46;1003;0;1;1;0;6841;1;55;1245.3098547744862;1245.6534339474042;4
12049;40;1004;1;6;1;1;23570;163;190;1248.1620518081338;1249.3438037742676;4
12074;7;1003;0;3;1;1;68193;183;59;1250.5263877997068;1253.9376620724254;4
12107;64;1004;1;5;1;0;5706;255;12;1253.7951654141402;1254.0821571470583;4
12104;18;1004;1;4;1;0;19115;259;52;1253.477466330886;1254.4349071470583;4
12133;2;1005;2;8;1;0;9460;1793;19;1255.7636977043483;1256.2393737572663;4
12144;56;1003;0;1;1;0;1938;240;23;1256.416213755356;1256.514795888274;4
12264;17;1003;0;0;1;0;3229;647;65;1266.9478658997018;1267.1112197823313;4
12277;18;1004;1;4;1;0;6464;35;15;1268.4541472647638;1268.7788832380259;4
12316;42;1003;0;1;1;0;8224;163;175;1273.0655152908323;1273.4799809966682;4
12328;64;1004;1;4;1;0;7011;596;20;1274.583568142538;1274.9378929891013;4
12350;1;1005;2;8;1;0;6561;330;37;1276.5071346782513;1276.856463206097;4
12393;15;1004;1;4;1;0;2743;392;41;1281.8013803915608;1281.9403098044788;4
12486;71;1004;1;4;1;0;6170;88;14;1294.6126999349005;1294.9227498923824;4
12505;27;1004;1;4;1;0;2610;4;55;1296.8681355124027;1297.0001666053206;4
12519;53;1004;1;4;1;0;103;82;19;1298.2140075855536;1299.0109100805964;4
12590;58;1004;1;4;1;0;5574;307;106;1305.497428740393;1305.7778212546793;4
12604;56;1004;1;5;1;0;853;25;36;1306.5608416211678;1306.6050361540858;4
12734;30;1005;2;9;1;0;11581;52;38;1317.753460721878;1318.3340503595548;4
12794;30;1005;2;8;1;0;6350;15;53;1323.0519528417524;1323.3709909746706;4
12800;33;1005;2;8;1;0;1290;176;257;1323.5047567967008;1323.5708979696187;4
12807;51;1004;1;4;1;0;2087;805;22;1323.826290996658;1323.9330199056728;4
12854;43;1005;2;8;1;0;4951;233;25;1328.8928953365453;1329.1421229894634;4
12964;13;1004;1;5;1;0;1593;132;74;1341.920698487375;1342.001929563264;4
13010;30;1004;1;5;1;0;3592;48;47;1348.292494359418;1348.4736534421156;4
13012;37;1003;0;1;1;0;4806;164;53;1348.3426626069845;1348.584553697617;4
13065;49;1004;1;5;1;0;679;321;11;1353.2782825108302;1353.332266483748;4
13078;58;1004;1;4;1;0;4581;384;4;1354.9390233075835;1355.1698476005015;4
13099;35;1005;2;8;1;0;1082;199;36;1357.7601340589226;1357.8158899518407;4
13116;63;1003;0;0;1;0;8981;472;40;1359.6856035417736;1360.1364481638552;4
13117;35;1005;2;8;1;0;56;71;8;1359.9130637612498;1360.7094425411965;4
13124;54;1003;0;1;1;0;9345;271;78;1360.8631872554238;1361.3320944814852;4
13183;12;1005;2;8;1;0;3802;46;6;1366.107179884569;1366.298837857487;4
13196;16;1005;2;8;1;0;4410;40;104;1367.575071445696;1367.7971079990525;4
13297;24;1003;0;0;1;0;1645;61;17;1376.1481512726064;1376.231921826679;4
13298;72;1003;0;1;1;0;4884;392;12;1376.156813000843;1376.4045718266789;4
13369;41;1004;1;5;1;0;118;567;89;1381.4123920440047;1382.1706334569228;4
13377;57;1005;2;8;1;0;5008;135;1;1381.9606788138833;1382.2126749966899;4
13394;39;1003;0;1;1;0;6102;28;96;1383.6665115280923;1383.9731579810104;4
13478;13;1004;1;4;1;0;3302;347;135;1391.8372372287417;1392.0040878416596;4
13537;8;1005;2;8;1;0;66;547;129;1398.4946163467862;1398.7909166081224;4
13547;22;1003;0;0;1;0;7812;36;31;1399.6248909780786;1400.0170232338985;4
13609;3;1004;1;4;1;0;2016;10;4;1407.7225253696859;1407.8248593771098;4
13631;31;1005;2;8;1;0;3068;295;28;1409.930446634072;1410.085558655157;4
13642;39;1004;1;4;1;0;4975;91;2;1411.0804686192143;1411.3323437309364;4
13659;67;1004;1;5;1;0;9720;132;23;1411.8917281197587;1412.379303662692;4
13717;5;1005;2;8;1;0;6455;14;14;1418.3805732014641;1418.7048606943822;4
13723;4;1005;2;8;1;0;3315;47;26;1418.7546106566904;1418.9219192696082;4
13785;4;1005;2;9;1;0;1751;19;8;1424.0793016026782;1424.1683922955963;4
13806;22;1003;0;1;1;0;444;274;132;1426.1145007263217;1426.1384046192397;4
13825;5;1004;1;4;1;0;7927;50;85;1428.1727492301952;1428.5706597631133;4
13851;54;1003;0;0;1;0;898;262;105;1429.990201657945;1430.036797870863;4
13868;33;1003;0;1;1;0;5420;386;23;1431.3197671121736;1431.592494369659;4
13891;21;1003;0;0;1;0;5843;500;103;1432.7838393902716;1433.0777967462056;4
13896;57;1003;0;1;1;0;7680;300;42;1433.0232616402404;1433.4045627748906;4
13900;3;1004;1;4;1;0;185;341;169;1433.5621716862554;1433.7808220574202;4
13973;53;1005;2;8;1;0;7328;215;194;1439.5138464775623;1439.8758795182127;4
13974;53;1005;2;9;1;0;13818;201;34;1439.5742223452949;1440.2667795182128;4
13992;39;1005;2;8;1;0;9869;337;74;1441.6734460683087;1442.168596764079;4
14071;32;1004;1;4;1;0;6694;6;171;1448.6605480739838;1448.9967421560812;4
14094;27;1004;1;4;1;0;1359;83;21;1450.9901947470264;1451.0597263999446;4
14131;17;1003;0;1;1;0;7979;49;2;1455.694967436667;1456.0954314769383;4
14137;2;1004;1;4;1;0;2578;146;10;1456.4649704307076;1456.5954924036255;4
14141;58;1003;0;0;1;0;74;1065;88;1456.863199342601;1457.6081984132602;4
14170;57;1004;1;4;1;0;5603;92;25;1460.4940396339227;1460.7757587175008;4
14194;44;1004;1;6;1;1;12152;642;90;1462.6326628157879;1463.2602800991788;4
14247;57;1004;1;4;1;0;12847;19;145;1468.9947353898913;1469.6368305162832;4
14279;35;1005;2;8;1;0;4465;503;73;1472.6510230240517;1472.8761234769697;4
14275;44;1005;2;10;1;1;25668;415;74;1472.3943266413492;1473.6794984769697;4
14290;44;1003;0;3;1;1;6040;945;205;1473.6022052950573;1473.9084719608932;4
14316;62;1005;2;8;1;0;5856;38;26;1476.603425430648;1476.897778283566;4
14313;7;1005;2;11;1;1;36815;493;197;1476.3654193368702;1478.207990748064;4
14327;22;1005;2;8;1;0;8658;18;24;1477.968336540019;1478.4027280632977;4
14394;19;1004;1;4;1;0;7432;836;49;1483.716222050691;1484.0898856236088;4
14404;9;1004;1;5;1;0;2883;207;50;1484.7504437297266;1484.8962547426447;4
14454;2;1005;2;8;1;0;9295;258;165;1489.2418005736668;1489.7082442265848;4
14504;63;1005;2;8;1;0;5927;133;35;1493.7456293223365;1494.0435493521134;4
14549;58;1003;0;0;1;0;6931;555;1;1496.800283328856;1497.1486997216382;4
14553;21;1003;0;0;1;0;10350;324;39;1497.5961934734637;1498.1153983627494;4
14573;72;1005;2;8;1;0;5901;207;87;1499.1969906208506;1499.493688754342;4
14754;21;1004;1;4;1;0;1938;63;24;1519.1106203906572;1519.2090892435754;4
14770;32;1005;2;8;1;0;1619;290;28;1520.990451852736;1521.073115985654;4
14789;28;1004;1;4;1;0;1900;375;93;1522.4106771831443;1522.5092142489805;4
14787;28;1003;0;0;1;0;5619;1140;45;1522.253926216625;1522.53710582576;4
14810;24;1004;1;5;1;0;1346;154;101;1524.8238490471094;1524.8927761400273;4
14807;1;1005;2;9;1;0;5232;7;8;1524.6320081728823;1524.8951411858004;4
14815;39;1003;0;0;1;0;1963;15;161;1525.9721875433174;1526.0718756762355;4
14868;33;1003;0;0;1;0;837;43;31;1531.2856113931916;1531.3290174461097;4
14891;58;1003;0;1;1;0;1305;77;96;1533.5171978366795;1533.5856034625156;4
14883;0;1003;0;2;1;1;16499;98;266;1533.1548594745384;1533.9829784625156;4
14933;70;1005;2;8;1;0;6698;186;3;1539.8827472938008;1540.2184043013285;4
14945;64;1004;1;4;1;0;3003;527;86;1541.1660515731137;1541.3180673860315;4
14992;0;1005;2;11;1;1;12460;3312;15;1545.279821278678;1545.9100991548828;4
15019;16;1004;1;5;1;0;983;292;39;1548.3252716038062;1548.3761370167242;4
15042;57;1004;1;5;1;0;741;67;57;1550.4790592198462;1550.5192520456824;4
15036;47;1004;1;4;1;0;19182;28;17;1550.0060552953423;1550.9666520456824;4
15067;43;1005;2;8;1;0;2803;155;8;1552.4281241194228;1552.5699018523408;4
15079;72;1003;0;0;1;0;8734;198;45;1553.443072891843;1553.8813803784162;4
15141;57;1004;1;4;1;0;3451;147;61;1558.454571678548;1558.6287166536022;4
15156;49;1003;0;0;1;0;9373;74;123;1559.6258471604583;1560.0960730533764;4
15166;51;1003;0;0;1;0;17051;9;9;1560.572116395703;1561.4261664441422;4
15173;2;1005;2;8;1;0;6241;208;147;1561.2507469960537;1561.5644432509125;4
15221;47;1003;0;0;1;0;1063;358;97;1565.4320811129055;1565.486957834809;4
15227;64;1005;2;8;1;0;4874;19;117;1565.9421038741887;1566.1873445671067;4
15260;32;1004;1;5;1;0;854;307;46;1568.3350645521282;1568.3794895650462;4
15306;36;1004;1;7;1;1;30021;320;4;1573.58757882997;1575.090342034287;4
15323;52;1004;1;4;1;0;6139;74;31;1576.2109205794043;1576.5194086359716;4
15336;48;1004;1;4;1;0;4378;637;10;1577.8277750522934;1578.0485619029037;4
15346;72;1005;2;8;1;0;1500;196;93;1579.7545792485776;1579.8312332214957;4
15352;13;1003;0;0;1;0;5045;497;53;1580.270404044117;1580.5244936247288;4
15371;38;1005;2;11;1;1;9130;476;237;1582.5067310277657;1582.965063390506;4
15397;13;1005;2;8;1;0;6157;342;83;1585.5228441465847;1585.8324415595027;4
15403;20;1005;2;8;1;0;19579;91;45;1586.0852619683078;1587.0657620620834;4
15419;26;1005;2;10;1;1;15602;442;3;1588.0916194274212;1588.8850965851566;4
15422;10;1003;0;3;1;1;31357;346;233;1588.4719477279327;1590.0415444918503;4
15442;51;1004;1;5;1;0;6820;97;20;1590.8749377304744;1591.2190815122049;4
15448;4;1005;2;8;1;0;163;484;1;1591.132303433201;1592.7671203282832;4
15480;22;1005;2;9;1;0;4988;139;91;1595.8270730942181;1596.0780755667695;4
15511;64;1005;2;8;1;0;2434;105;21;1599.1830349307202;1599.3063306636382;4
15524;31;1004;1;4;1;0;5521;185;79;1600.6189374914306;1600.8966153801655;4
15525;31;1004;1;5;1;0;3240;10;21;1600.8280304472473;1600.9915653801654;4
15580;52;1005;2;8;1;0;18389;212;119;1605.0618080683757;1605.982881937199;4
15609;66;1004;1;4;1;0;1052;437;49;1608.1819209939667;1608.2363292068846;4
15632;63;1005;2;9;1;0;9053;543;18;1609.9182223870566;1610.3727484399747;4
15727;73;1004;1;5;1;0;41;307;15;1617.4139809406968;1617.653128173346;4
15758;57;1005;2;8;1;0;695;9;29;1619.7134142058026;1619.7496984987206;4
15774;30;1004;1;4;1;0;8383;577;162;1621.231364584482;1621.6523712999335;4
15822;53;1004;1;5;1;0;2260;123;112;1625.57243379006;1625.687041042978;4
15871;67;1004;1;4;1;0;6361;296;8;1630.4999590055565;1630.8197269784746;4
15910;64;1003;0;1;1;0;80;3;23;1636.1567039630472;1636.2554027145902;4
16024;4;1005;2;8;1;0;113;300;17;1650.2378367493327;1650.7195570031888;4
16026;63;1003;0;0;1;0;9160;477;7;1650.6792399841931;1651.1390242803666;4
16044;59;1005;2;8;1;0;4577;25;219;1652.3990765655772;1652.629429607489;4
16072;51;1004;1;4;1;0;6417;50;53;1655.00524376136;1655.3276479752726;4
16091;25;1004;1;4;1;0;1391;2;55;1656.3937562906642;1656.4803641565543;4
16106;5;1005;2;8;1;0;4948;57;132;1657.1755798543;1657.424544867218;4
16113;53;1005;2;8;1;0;3175;480;60;1657.8511101194379;1658.0116958523558;4
16151;64;1004;1;4;1;0;6025;241;41;1661.9076641595034;1662.210564502674;4
16173;37;1003;0;1;1;0;2138;288;79;1663.472843636528;1663.581456489446;4
16181;61;1004;1;4;1;0;1590;123;36;1664.283124076321;1664.3642313292391;4
16184;46;1003;0;0;1;0;4863;283;57;1664.5676397802608;1664.8124994331788;4
16317;25;1004;1;5;1;0;3384;82;8;1675.2437125689335;1675.4144935818515;4
16347;25;1003;0;0;1;0;7030;202;89;1678.6309815332077;1678.9841393461256;4
16373;53;1005;2;8;1;0;5449;5;15;1680.8491885684443;1681.1231703013623;4
16383;67;1005;2;8;1;0;50;249;76;1681.2690457265114;1681.6954707081172;4
16407;27;1004;1;5;1;0;896;381;6;1683.7851564620075;1683.8317288349253;4
16421;43;1005;2;8;1;0;143;125;64;1684.794678078124;1685.530992021637;4
16450;21;1004;1;4;1;0;11917;368;82;1687.666157555016;1688.2637512455017;4
16482;70;1004;1;4;1;0;4979;43;1;1690.3530546525546;1690.6035276019509;4
16571;42;1004;1;4;1;0;94;1236;22;1703.302105574445;1703.5836032649042;4
16574;3;1003;0;1;1;0;12086;125;33;1703.5141493212107;1704.1200085326693;4
16570;42;1004;1;4;1;0;20305;16;10;1703.3016952033072;1704.318453264904;4
16601;71;1003;0;0;1;0;1111;497;51;1706.57072846941;1706.6281250823279;4
16624;71;1005;2;8;1;0;144;393;98;1709.3387081508063;1709.8092932275968;4
16682;74;1005;2;8;1;0;197;429;123;1716.570805946581;1717.0096882558246;4
16708;55;1004;1;6;1;1;2846;1481;302;1719.4373358694859;1719.5820924132483;4
16713;46;1005;2;8;1;0;1453;3;31;1719.6902625012365;1719.7825362735662;4
16729;26;1005;2;10;1;1;84;1324;28;1721.0299564791014;1721.454041127404;4
16754;48;1004;1;5;1;0;1457;78;33;1723.1019360205971;1723.1763644735152;4
16758;19;1004;1;4;1;0;4563;49;22;1723.5959556857322;1723.8256655786502;4
16843;22;1005;2;8;1;0;5376;254;98;1730.9877398702176;1731.2706225293223;4
16844;5;1004;1;5;1;0;10992;11;21;1731.1334858585417;1731.6846064480683;4
16874;63;1004;1;4;1;0;3671;684;9;1732.8747486999973;1733.0602217850806;4
16875;12;1003;0;0;1;0;5687;173;40;1732.8779837551956;1733.1639730081135;4
16886;52;1004;1;4;1;0;10584;66;74;1733.513129220213;1734.043899993131;4
16896;3;1004;1;4;1;0;2976;230;1;1734.4861855010788;1734.63665676098;4
16915;73;1003;0;1;1;0;14974;803;163;1736.2491967330016;1736.9926344787991;4
16935;37;1005;2;8;1;0;6381;133;10;1737.753059788346;1738.073693272838;4
16964;46;1005;2;8;1;0;6552;373;26;1740.2214950675618;1740.5508623204798;4
16979;3;1004;1;5;1;0;5451;28;105;1740.9197457667806;1741.19211075922;4
16987;5;1003;0;1;1;0;658;325;160;1741.4586040520132;1741.494977117849;4
17045;56;1005;2;9;1;0;5861;120;6;1746.6970172099507;1746.9916725428686;4
17051;56;1004;1;4;1;0;3238;195;3;1747.4600891159782;1747.62527948871;4
17049;42;1003;0;1;1;0;9655;6;73;1747.4301394268336;1747.9143962118055;4
17073;45;1003;0;0;1;0;1871;517;74;1750.4057877802402;1750.5011971931583;4
17105;64;1003;0;0;1;0;4092;277;36;1754.3545540455602;1754.5608598584784;4
17106;46;1003;0;0;1;0;12308;53;59;1754.355410935878;1754.971644729265;4
17135;19;1003;0;0;1;0;3546;359;10;1759.4137115637163;1759.5927698566345;4
17147;35;1004;1;4;1;0;3613;342;78;1760.9701056318215;1761.1525030447397;4
17172;29;1003;0;0;1;0;7914;298;96;1764.8136420034766;1765.2110171164622;4
17175;25;1003;0;1;1;0;8029;1066;27;1765.0610063435442;1765.4646277906277;4
17184;72;1005;2;8;1;0;3499;60;8;1766.5864345042748;1766.7629514371927;4
17186;40;1003;0;3;1;1;8249;45;62;1767.1190958681034;1767.5346488251237;4
17235;51;1004;1;5;1;0;13060;120;15;1772.296131124005;1772.970215900111;4
17265;40;1005;2;11;1;1;11292;184;222;1775.1386311852548;1775.7065043636087;4
17271;7;1004;1;6;1;1;30498;1742;58;1775.8367325192742;1777.3811298621608;4
17284;10;1005;2;10;1;1;29019;434;67;1776.9351271281068;1778.3878609390215;4
17316;9;1003;0;0;1;0;376;184;85;1780.8997376307898;1780.9201839237078;4
17317;49;1005;2;8;1;0;881;208;44;1781.0203321077279;1781.066043760646;4
17348;45;1005;2;8;1;0;1999;246;5;1784.8299812782038;1784.931617251122;4
17354;46;1005;2;8;1;0;10787;139;151;1785.0600951216363;1785.6010128966138;4
17395;20;1005;2;9;1;0;4905;57;113;1787.9991034822615;1788.2459184951795;4
17530;60;1004;1;4;1;0;11328;329;102;1798.3354091143833;1798.9035105622897;4
17534;32;1003;0;1;1;0;12786;5;11;1798.544795803657;1799.1855922367236;4
17548;17;1005;2;8;1;0;650;222;118;1799.864016506412;1799.89818711933;4
