#auto generated file!
954;3;2;2;8;1;1;25206;192;43;180.33714775320226;181.60060534443883;4
1008;2;0;0;0;1;0;7694;184;28;190.4058580697042;190.7937054209408;4
1012;38;1;1;4;1;0;4577;214;122;191.05122536547648;191.28326111671305;4
1020;29;1;1;4;1;0;7580;5;1;192.94989574717314;193.33181397840968;4
1047;41;0;0;0;1;0;12176;147;47;199.0562447179649;199.66814470920147;4
1050;34;0;0;0;1;0;1440;795;25;199.9182382908879;199.99416772212444;4
987;43;2;2;8;1;0;31;85;10;185.2335757033867;202.42686546090695;4
1080;31;1;1;4;1;0;163;433;444;203.09268475442718;208.00887570002135;4
1119;4;0;0;0;1;0;37;195;142;211.33608053176357;212.65109708567067;4
1127;32;0;0;1;1;0;164;283;44;212.64782301443412;213.70550409761032;4
1137;5;0;0;0;1;1;17039;266;224;214.39737899977905;215.25095515539732;4
1164;31;1;1;4;1;0;4840;49;31;219.63880698409668;219.8837815353332;4
1165;19;0;0;0;1;0;6046;1271;21;219.93800162316117;220.24484033439776;4
1180;11;2;2;8;1;0;82;68;192;222.33543363408407;226.364337187742;4
1270;33;0;0;0;1;0;63;43;204;233.74092569978396;234.79791106715516;4
1276;24;1;1;4;1;0;4820;124;70;234.76172260241813;235.00579315365474;4
1304;43;0;0;0;1;0;1903;1;2;237.03636273181573;237.1344258430523;4
1316;24;1;1;4;1;0;11074;788;13;239.078040966648;239.63370120226628;4
1320;17;0;0;1;1;0;6662;912;137;239.4694135038572;239.80659269509374;4
1339;36;2;2;8;1;1;4903;29;328;241.32463764425648;241.57273659549307;4
1356;32;1;1;4;1;0;5455;429;73;243.61912971230348;243.89534066354003;4
1349;19;0;0;0;1;0;24;313;90;242.33348469907577;244.26388508828546;4
1369;6;0;0;0;1;0;32;21;118;247.0352342358064;248.78289681072764;4
1402;39;0;0;1;1;0;6040;182;13;255.14122889855423;255.44480129417252;4
1384;15;2;2;8;1;0;163;5;15;251.6699105482586;260.1536858307201;4
1436;49;1;1;4;1;1;9893;241;115;261.68139847345844;262.17926878469495;4
1452;39;1;1;5;1;0;7326;46;214;264.89596176683585;265.2637471224541;4
1508;15;1;1;4;1;0;193;425;41;271.90543237561917;273.24622882523215;4
1517;29;1;1;5;1;0;87;242;37;273.2446180296139;273.95334885015563;4
1520;34;1;1;4;1;0;9683;157;12;273.950236058919;274.4374850771396;4
1528;11;1;1;4;1;0;5817;54;48;275.5877025324774;275.881533483714;4
1538;9;1;1;5;1;0;10969;169;101;276.65937434511267;277.2075963742004;4
1457;7;2;2;8;1;0;92;236;47;265.46180206452465;278.0311095317472;4
1566;32;0;0;0;1;0;11487;205;22;279.9622088497278;280.53973308096437;4
1554;14;1;1;4;1;0;46;42;22;278.3687166431005;280.9668177410391;4
1592;45;0;0;0;1;0;3120;1271;3;283.9877094208047;284.145978776423;4
1586;37;1;1;4;1;1;38452;354;21;282.6585152425178;284.58448019375436;4
1635;25;1;1;4;1;0;2672;79;37;288.80069872270496;288.9373116739415;4
1652;43;0;0;0;1;0;2128;101;144;291.21523476252855;291.32467587376516;4
1613;43;2;2;8;1;0;101;651;129;286.8379987289897;293.0665081568332;4
1675;21;0;0;2;1;0;2838;26;26;293.5263372853901;293.67118239662676;4
1700;13;1;1;4;1;0;7189;248;52;296.35668566725366;296.71936493849023;4
1732;40;2;2;8;1;0;4051;56;5;299.81629991319807;300.02183342443465;4
1738;25;2;2;8;1;0;10910;160;34;300.5172521462201;301.06586877745667;4
1742;41;0;0;1;1;0;8424;27;70;301.001275705063;301.4253833562708;4
1768;24;0;0;0;1;0;14213;152;57;305.4019039229531;306.11566031418965;4
1784;0;0;0;0;1;0;3813;144;73;308.06316467737696;308.25691082861357;4
1799;14;0;0;0;1;0;4439;159;19;309.6907142568165;309.91577960805307;4
1812;18;0;0;1;1;0;11744;96;331;312.92408812069533;313.5128054763136;4
1816;0;0;0;0;1;0;1109;497;138;314.37757740559056;314.43480140120886;4
1818;27;0;0;0;1;0;6929;9;3;315.14561738186455;315.49497935743113;4
1756;40;1;1;4;1;0;188;719;20;303.20215865149504;320.09950909512156;4
1829;8;2;2;8;1;0;100;393;17;316.67254920645394;320.2236551872137;4
1864;47;0;0;0;1;0;4273;93;46;322.37519578162505;322.5918766528616;4
1873;33;0;0;0;1;0;857;79;44;323.897280945547;323.9431438967835;4
1878;45;0;0;0;1;0;9181;326;129;324.49122586224786;324.9536049734844;4
1994;26;2;2;8;1;0;2604;69;121;343.453383208273;343.58658335950963;4
2068;44;1;1;4;1;0;125;178;99;353.89159588472;361.36825127468506;4
2140;19;0;0;0;1;0;6089;68;86;364.4005153144974;364.7079571943306;4
2165;10;0;0;0;1;0;6145;970;5;369.4879562177757;369.7993596490123;4
2170;0;0;0;0;1;0;452;286;105;370.6275256176183;370.6534035288548;4
2185;34;2;2;8;1;0;723;191;24;374.718358294267;374.7576646055036;4
2187;34;2;2;8;1;0;1219;120;4;374.9849010942963;375.04738380991455;4
2149;14;1;1;4;1;0;182;515;11;366.1182486543558;377.4245143511602;4
2266;32;0;0;0;1;0;1180;79;9;388.2655252268408;388.32753817807736;4
2325;46;2;2;8;1;0;192;131;54;397.8070279673832;402.59007349404044;4
2360;33;1;1;4;1;0;9883;180;1;403.19668917870524;403.6939502391212;4
2370;23;0;0;0;1;1;7641;349;119;404.73360562446874;405.11901417570533;4
2394;11;1;1;4;1;0;146;233;88;407.7218923328748;409.67751152930356;4
2408;2;1;1;5;1;0;4562;37;17;409.67455233806703;409.90561152930354;4
2524;32;1;1;4;1;0;32;941;21;422.8630607343683;427.800094979009;4
2547;25;0;0;1;1;0;2882;688;219;427.72643677374134;427.8843830093596;4
2506;21;2;2;8;1;0;117;302;66;420.36519695864524;429.3792302662233;4
2572;29;0;0;0;1;0;5951;420;74;433.92015695449027;434.2194316701086;4
2593;20;1;1;4;1;0;9638;466;86;438.398856924608;438.8842652358446;4
2615;2;0;0;0;1;0;10790;162;13;442.7883723760877;443.32943197170596;4
2617;10;0;0;0;1;0;6644;540;17;443.55545748528766;443.9023933510498;4
2625;4;0;0;0;1;0;1622;16;18;444.6353801383613;444.7193754753538;4
2677;21;1;1;4;1;0;3453;238;41;453.5926613391447;453.7685278103812;4
2680;33;1;1;4;1;0;3337;491;42;454.2457296963786;454.4161200076151;4
2691;23;1;1;4;1;1;33499;55;122;455.61840125738354;457.29484237300187;4
2725;38;1;1;4;1;0;3441;239;39;461.13798345625435;461.3132512074909;4
2750;38;0;0;0;1;0;4427;75;14;465.0308064628063;465.26988814884436;4
2745;3;1;1;4;1;1;21679;290;60;464.46720592060046;465.5544389518371;4
2755;18;0;0;0;1;0;1804;15;80;466.22145387903487;466.31458491027144;4
2736;33;2;2;8;1;0;42;18;9;462.9573999962317;467.52908315039275;4
2779;18;0;0;0;1;0;3575;119;53;469.76074282218934;469.9409780050158;4
2782;8;0;0;0;1;0;1181;370;205;469.97328091110256;470.03571634233913;4
2772;23;2;2;8;1;1;36488;156;133;468.40977243089986;470.2357281865182;4
2784;46;1;1;4;1;0;2559;6;32;470.67975319324876;470.8106227044853;4
2783;40;0;0;0;1;0;3476;260;29;470.64841485674657;470.8254594879832;4
2825;34;2;2;8;1;0;153;162;20;474.8298218782636;477.51496698505616;4
2921;27;0;0;0;1;0;5332;90;14;489.4305855031401;489.70017020615876;4
2901;6;1;1;4;1;0;112;38;5;484.49675320779414;490.5347716050191;4
2940;26;1;1;4;1;0;34;356;44;495.8895251076893;497.21020118991703;4
2957;42;1;1;4;1;0;5089;161;15;498.02203924198426;498.27960715322087;4
2907;10;2;2;8;1;0;50;96;109;486.2892485554636;500.5261482036477;4
2968;16;0;0;1;1;1;8399;286;36;500.41541184209;500.8369814970029;4
2990;44;1;1;5;1;0;9080;40;69;502.5503775139252;503.00731266304666;4
2994;24;0;0;0;1;0;7982;119;7;503.3049581932694;503.70559026888765;4
3007;15;1;1;4;1;0;3514;158;29;504.59120588711505;504.77001995835167;4
3034;20;2;2;8;1;0;10056;198;21;508.47013453465075;508.97609980588726;4
3042;22;0;0;1;1;0;3391;144;119;509.59975754969;509.77085562530834;4
3029;22;1;1;5;1;0;130;372;21;507.4887546200332;510.46400660342124;4
3105;6;0;0;1;1;0;21099;779;53;517.7808382131309;518.8396971643674;4
3103;24;2;2;8;1;0;46;226;16;517.7365432176354;523.7168102830981;4
3172;41;2;2;8;1;0;1841;361;1;527.4255475821788;527.5209714934153;4
3240;24;1;1;4;1;0;6099;579;1;536.4973822316595;536.8059851828959;4
3387;27;2;2;8;1;0;5098;207;81;564.7589700225288;565.0154584181471;4
3395;32;0;0;0;1;0;6587;246;14;567.876206367067;568.2071697226852;4
3439;24;0;0;1;1;0;1820;594;121;575.0101732758521;575.1030093514704;4
3414;34;1;1;4;1;0;83;312;99;570.3092560883687;576.7697997105478;4
3450;32;0;0;0;1;0;5705;15;16;576.4677517330613;576.7747041689414;4
3468;28;1;1;4;1;0;9049;64;9;578.7746216207327;579.2300653719692;4
3487;16;0;0;0;1;1;15721;489;136;582.4053095021945;583.1948972534311;4
3485;30;1;1;4;1;0;60;51;5;582.2007584279495;584.567156992519;4
3515;24;1;1;5;1;0;1739;189;52;587.2371536218849;587.3272155871108;4
3560;8;1;1;4;1;0;2247;319;33;593.9916769024979;594.1073470537344;4
3573;40;0;0;1;1;0;5684;591;281;595.8719390600289;596.1598073712656;4
3641;25;1;1;4;1;0;6569;155;78;609.1974119207325;609.5289721519691;4
3694;27;0;0;0;1;0;1535;116;159;622.1211273757793;622.2009376870159;4
3586;38;2;2;8;1;0;76;35;86;599.1939684912005;623.4219346610099;4
3772;33;0;0;0;1;0;8688;388;25;633.7400611975703;634.1761654331885;4
3796;28;1;1;4;1;0;5321;92;48;637.5767926619161;637.8619294559576;4
3814;4;0;0;1;1;0;1448;453;24;640.076040834923;640.1519325061596;4
3822;25;0;0;1;1;0;3984;362;43;641.5104315721262;641.7130067633627;4
3831;31;1;1;4;1;0;4897;93;45;642.77229323185;643.0201741030867;4
3833;48;0;0;0;1;1;3015;165;79;643.2776612381581;643.4315342693947;4
3787;26;2;2;8;1;0;73;58;37;636.2960148052376;646.4865322330033;4
3853;5;0;0;0;1;1;26970;321;23;646.332064861775;647.6838875730115;4
3892;39;1;1;4;1;0;19638;230;1;650.7362568167089;651.7197439218942;4
3913;1;0;0;0;1;0;3508;202;15;653.7571759410705;653.9341209804078;4
3966;28;2;2;8;1;0;7290;395;4;659.1441063807275;659.5103150963458;4
4016;25;1;1;4;1;0;15804;394;6;667.3675660512536;668.1594741268718;4
4049;33;0;0;0;1;0;1428;22;81;675.2244772044588;675.2988171956955;4
4051;43;0;0;0;1;0;11687;33;36;676.0589356384572;676.6462397096939;4
4055;29;0;0;0;1;0;7943;252;12;677.2227006878775;677.6230850791142;4
4044;26;1;1;4;1;0;156;461;28;673.554454172026;680.2464703094222;4
4092;12;1;1;4;1;1;8958;123;143;682.9696431579407;683.4172763965403;4
4099;10;0;0;0;1;0;8040;335;198;684.227139037627;684.6340477315904;4
4123;13;1;1;4;1;0;18730;617;37;688.2766064405108;689.2168080317475;4
4085;0;2;2;8;1;0;151;163;6;681.9695310676266;691.5578224642012;4
4187;34;0;0;0;1;0;9867;1121;64;698.2272078134297;698.7249045246663;4
4251;13;1;1;4;1;0;3940;263;22;708.4496284846573;708.6482527202755;4
4256;34;1;1;4;1;0;2456;220;78;709.6704997832261;709.7948964988443;4
4262;21;2;2;8;1;0;9228;29;76;711.1438787232438;711.6067531988621;4
4289;8;1;1;4;1;0;4679;329;20;714.13317440786;714.3687908834784;4
4360;15;1;1;4;1;0;1862;100;79;721.7502125894144;721.846352420651;4
4371;21;1;1;4;1;0;954;99;50;724.1780602663389;724.2287988175755;4
4374;21;1;1;4;1;0;6107;594;19;724.5405990329563;724.8470681269441;4
4389;42;0;0;1;1;0;2768;373;3;728.9473293454661;729.0891186167026;4
4395;20;0;0;0;1;0;7759;37;16;729.8499945204613;730.240903711698;4
4423;33;1;1;4;1;0;4213;117;87;736.5383184336075;736.7504992292257;4
4449;8;0;0;0;1;0;225;857;13;741.5123384183483;741.527597209585;4
4352;30;2;2;8;1;0;141;194;74;720.4816253649525;742.3212982934766;4
4461;44;0;0;0;1;0;68;108;131;743.7203848576448;744.552997552824;4
4472;27;1;1;4;1;0;239;179;199;745.0018709420873;745.0153914177056;4
4482;11;2;2;8;1;0;153;15;187;745.5897906759749;745.6346895483221;4
4527;20;2;2;8;1;0;158;214;55;751.8597772682068;755.8938173086976;4
4596;12;1;1;4;1;1;7748;596;101;761.5033368985216;761.8925742541398;4
4667;41;0;0;0;1;0;16594;266;91;771.5978913044083;772.4291741226859;4
4738;43;2;2;8;1;0;1860;295;76;780.4000845086941;780.4963739399308;4
4771;41;0;0;0;1;0;1037;14;17;789.3096650725981;789.3629799482163;4
4773;27;2;2;8;1;0;1356;300;72;789.9280317835418;789.9974796991601;4
4777;43;2;2;8;1;0;966;57;12;790.8962010031239;790.9459933987422;4
4712;47;1;1;4;1;0;111;575;148;776.0464738820388;796.880022694495;4
4849;40;0;0;0;1;0;932;46;55;805.0322915857327;805.0833534125874;4
4893;35;1;1;4;1;1;12442;287;89;812.2239655028019;812.8493446940385;4
4917;26;0;0;1;1;0;119;55;94;816.4302390908384;816.6601802064566;4
4922;13;0;0;0;1;0;8671;60;21;817.7233302710624;818.159868902299;4
4841;33;2;2;8;1;0;89;3;26;803.9800474699684;819.4504762596769;4
4933;49;2;2;9;1;1;12700;677;68;819.4466978684402;820.0854762596769;4
4946;19;0;0;0;1;0;11208;63;19;821.5865259270931;822.1483781082513;4
4964;40;0;0;0;1;0;3700;119;48;823.5145038628726;823.702568014109;4
4968;11;1;1;4;1;0;148;225;38;823.8541681498546;828.7509418302195;4
4979;32;2;2;8;1;0;29;382;75;825.8883110126092;829.0192411811654;4
5000;2;1;1;4;1;0;123;159;159;828.8821187838154;829.129684135052;4
5020;30;0;0;0;1;0;9976;176;11;831.8883069489725;832.3902078371423;4
5022;33;0;0;1;1;0;10669;90;76;832.1052308059056;832.6417078371422;4
5036;11;0;0;0;1;0;11828;168;96;834.6777822438396;835.2722828073696;4
5041;44;2;2;9;1;0;9211;110;12;834.9419463208482;835.4055489520848;4
5067;21;1;1;4;1;0;3864;153;130;837.9739488687666;838.1702565400033;4
5066;18;0;0;1;1;0;8829;406;133;837.854622227022;838.2994904335849;4
5136;45;2;2;8;1;0;4999;79;33;847.1913493396326;847.4428058152508;4
5165;25;0;0;0;1;0;2773;1;39;851.3426595976732;851.4842227089097;4
5179;27;0;0;0;1;0;5946;228;30;855.618036320954;855.9169381565723;4
5188;20;1;1;4;1;0;3;268;135;856.7923619596246;857.4352761788948;4
5185;7;2;2;8;1;0;6;198;63;856.5531347482511;858.7649442755111;4
5196;30;2;2;9;1;0;5504;678;232;858.7611646042745;859.0401442755111;4
5192;35;0;0;0;1;1;57520;78;303;857.8155410720383;860.6930469076566;4
5207;9;1;1;4;1;0;3369;177;71;860.6308708249101;860.8024592161465;4
5230;13;0;0;0;1;0;4076;7;86;864.8601468285784;865.0668676198151;4
5246;34;0;0;0;1;0;6331;372;55;867.704067341798;868.0240053330347;4
5247;49;1;1;4;1;1;37788;555;16;867.7285621002703;869.6215843315068;4
5253;28;0;0;0;1;0;115;2;28;868.9014594453221;869.9535699579443;4
5260;31;0;0;1;1;0;18032;1520;2;869.951141242326;870.8551699579443;4
5266;15;2;2;8;1;0;2787;835;53;871.6351223281449;871.7784529593815;4
5274;8;1;1;4;1;0;4951;3;30;872.8283857049927;873.0788513762294;4
5273;1;0;0;0;1;0;5721;489;127;872.8171542669029;873.1067420181395;4
5289;9;0;0;0;1;0;156;110;44;875.9566784868092;877.5672564513962;4
5305;22;2;2;8;1;0;3856;336;176;878.5808421089545;878.776984020191;4
5351;18;0;0;0;1;0;3202;179;170;885.7375067034652;885.900747654702;4
5374;20;1;1;4;1;0;6219;72;52;888.9634841458145;889.277438137051;4
5381;19;0;0;1;1;0;190;29;14;889.7407118936371;889.8731574284866;4
5386;22;1;1;4;1;0;10762;7;105;890.6638054795717;891.2048262708083;4
5442;20;1;1;4;1;0;4473;78;75;898.0636745295325;898.2888303651508;4
5469;28;2;2;8;1;0;4478;201;207;901.6133570061322;901.8404066082554;4
5465;5;1;1;4;1;1;15529;394;3;901.2460273572852;902.0258935085217;4
5486;15;0;0;0;1;0;1355;70;21;904.3087449227878;904.3809657096426;4
5520;6;0;0;0;1;0;12214;480;268;911.7797379981073;912.3921651370158;4
5547;20;0;0;0;1;0;7406;327;28;918.3001756742987;918.672121888796;4
5591;21;1;1;4;1;0;10535;135;15;923.7364666748991;924.264716359964;4
5592;24;2;2;8;1;0;7289;593;72;923.9399800244674;924.3081008957041;4
5595;24;0;0;1;1;0;4669;521;69;924.0812221902767;924.3182030184869;4
5626;9;0;0;0;1;0;9444;27;27;927.9346425394914;928.4097889307279;4
5648;6;1;1;4;1;0;11222;182;94;931.7983973237683;932.3626421150049;4
5650;44;2;2;8;1;0;38;35;55;932.2573559877962;935.9736558440601;4
5700;40;0;0;0;1;0;3200;1362;55;940.8153203575438;940.9799755487804;4
5699;26;1;1;4;1;0;53;34;35;940.2818204132018;941.4093275221194;4
5761;13;1;1;4;1;0;6179;49;112;949.9849687301487;950.2968867781904;4
5793;46;2;2;8;1;0;754;128;67;954.0413640058431;954.0821396770796;4
5797;18;1;1;4;1;0;14462;217;44;954.3115594624221;955.0378313456649;4
5852;40;1;1;4;1;0;9065;311;22;959.6872368855522;960.1437967967888;4
5865;38;0;0;1;1;0;3764;440;197;961.1208528660147;961.3107903816331;4
5868;11;1;1;4;1;0;5953;431;62;961.2954811744466;961.5965822375653;4
5953;15;0;0;1;1;0;4122;9;61;979.3934931925842;979.6010548682025;4
5881;25;2;2;8;1;0;39;90;8;963.4113109763558;986.8653352609944;4
6000;2;0;0;0;1;0;3295;213;148;986.8039480292956;986.9718356151591;4
5999;37;1;1;4;1;1;14825;1090;98;986.4903242100453;987.2337277256636;4
6032;22;0;0;0;1;0;186;39;29;991.428213813175;992.4489510504188;4
6076;3;1;1;4;1;1;24825;1846;141;997.7438946283228;998.9877819839411;4
6073;7;2;2;8;1;0;55;790;34;996.9580365138034;1003.9886614063386;4
6112;12;0;0;0;1;1;39914;1765;320;1003.8461146033914;1005.8469837696937;4
6135;2;0;0;0;1;0;8678;942;127;1006.2005272417119;1006.6385448329485;4
6205;20;0;0;0;1;0;382;41;115;1016.5032834239855;1016.5238655796038;4
6209;44;1;1;4;1;0;2307;473;18;1016.9252814543316;1017.0441487255683;4
6210;18;0;0;0;1;0;109;98;6;1017.1815135843437;1017.7326824465221;4
6229;47;0;0;0;1;0;16;625;17;1020.5338764623975;1022.1767059931134;4
6273;14;0;0;0;1;0;5461;11;138;1028.3256476429744;1028.6015749397502;4
6275;20;0;0;0;1;0;6620;74;125;1029.0646031653928;1029.3986097166292;4
6289;17;2;2;8;1;0;9006;59;70;1031.7433038595739;1032.1965912108105;4
6299;31;0;0;0;1;0;12855;219;55;1033.6750066931238;1034.3209488443601;4
6320;40;1;1;4;1;0;59;322;190;1039.3352479576884;1040.5231588570211;4
6329;10;2;2;8;1;0;4470;90;36;1040.5082450989273;1040.7347397063604;4
6328;10;0;0;0;1;0;6806;412;43;1040.4522547171186;1040.7959834611386;4
6339;28;1;1;4;1;0;89;107;88;1041.8544898257146;1045.5409291960427;4
6355;25;2;2;8;1;0;50;332;75;1044.6431755074987;1046.769056833308;4
6389;17;1;1;4;1;0;11193;225;21;1049.5095552730602;1050.0708051886784;4
6399;13;0;0;1;1;0;1523;690;9;1051.0606405243518;1051.1405855555886;4
6413;5;1;1;4;1;1;22055;541;75;1052.9853768881603;1054.0917311993967;4
6377;8;2;2;8;1;0;14;29;16;1047.222525352819;1055.6684904937474;4
6433;6;0;0;0;1;0;96;29;33;1056.3128494954562;1062.499731679588;4
6470;42;1;1;4;1;0;141;56;73;1065.3995155440716;1066.4946286639404;4
6493;24;1;1;4;1;0;3491;211;195;1069.3521305066681;1069.5298624179045;4
6529;10;1;1;4;1;0;6388;12;42;1074.1870727454682;1074.5093623486803;4
6552;17;1;1;4;1;0;4992;328;4;1077.2086355664974;1077.461567237734;4
6568;44;1;1;4;1;0;3890;720;49;1079.1272553477493;1079.3236720633677;4
6573;41;0;0;0;1;0;1045;71;4;1079.9667017077957;1080.0219544190322;4
6550;28;2;2;8;1;0;22;1203;8;1077.112862453831;1080.518728198142;4
6595;40;1;1;4;1;0;602;441;27;1081.49982569955;1081.5348752064049;4
6605;19;0;0;0;1;0;6836;272;48;1083.6336784660746;1083.9771084616928;4
6632;39;1;1;4;1;0;2614;47;155;1088.9770144784209;1089.1106864696576;4
6629;26;0;0;1;1;0;166;108;1;1088.1969314866653;1089.3358869612994;4
6684;14;0;0;0;1;0;2066;218;14;1099.5436060857053;1099.650096956942;4
6657;0;1;1;4;1;0;114;46;95;1094.009144802902;1100.0069685220851;4
6739;12;0;0;0;1;1;9847;476;200;1108.1867679937347;1108.6826391049715;4
6759;40;2;2;8;1;0;4291;65;75;1110.5965156943712;1110.8140607256075;4
6763;17;0;0;0;1;0;4998;69;75;1111.1535803945264;1111.4064396736446;4
6826;32;1;1;4;1;0;5180;1451;116;1120.8521991468342;1121.1135338858062;4
6859;1;1;1;5;1;0;2322;9;52;1125.3870044283956;1125.506027779632;4
6875;13;1;1;4;1;0;2280;93;59;1127.8232448597591;1127.9402757309958;4
6877;14;1;1;4;1;0;6804;1;17;1128.1025834169907;1128.444239972609;4
6915;8;1;1;5;1;0;4903;295;52;1133.9987737705762;1134.2621032014783;4
6873;19;2;2;8;1;0;54;51;46;1127.5978802468126;1134.3848397872687;4
6922;31;0;0;0;1;0;7879;178;57;1134.6846601721727;1135.0801518478668;4
6964;17;0;0;0;1;0;5563;276;15;1139.0173046250593;1139.2987197362959;4
6967;19;0;0;0;1;0;13795;148;43;1139.7822478005767;1140.4750990718132;4
7006;25;0;0;0;1;0;108;996;9;1144.7418859459156;1146.3883810898196;4
7016;29;2;2;8;1;0;8143;134;3;1146.691061748496;1147.1012950997324;4
7012;3;0;0;1;1;1;42673;69;23;1146.3853809385832;1148.5220310898196;4
7029;20;2;2;8;1;0;7937;45;39;1149.2834681399172;1149.6832875711539;4
7064;28;1;1;4;1;0;8493;223;7;1157.3221834728035;1157.7484321084219;4
7041;10;2;2;8;1;0;105;450;41;1151.3271091385886;1160.4577710446772;4
7098;16;1;1;4;1;1;12572;376;37;1162.8937236282945;1163.5257167395312;4
7141;7;2;2;9;1;0;4389;177;21;1169.990811878684;1170.2134002699206;4
7155;15;1;1;4;1;0;165;562;72;1172.1712868129318;1173.6899638936554;4
7206;33;0;0;0;1;0;7658;145;139;1181.2213110708462;1181.6057560201277;4
7213;17;1;1;4;1;0;11383;96;57;1182.6688844598661;1183.2410691711027;4
7240;24;1;1;4;1;0;5744;521;48;1186.2387871520348;1186.5274319784799;4
7278;20;0;0;0;1;0;11458;64;48;1191.2748379235356;1191.8492137187316;4
7281;26;0;0;1;1;0;59;307;30;1191.365008927495;1191.8492137187316;4
7316;22;0;0;1;1;0;3252;322;22;1196.4310416485946;1196.5969656398308;4
7318;2;0;0;0;1;0;3189;204;11;1196.9883157691213;1197.150938720358;4
7332;10;2;2;8;1;0;7040;276;1;1198.8562631822656;1199.2086067452626;4
7308;4;1;1;4;1;0;138;515;32;1195.4035509521896;1200.0259735843545;4
7354;24;0;0;0;1;0;3730;287;109;1201.159407769188;1201.3491869604247;4
7370;39;0;0;0;1;0;11901;387;15;1203.8837765779717;1204.4809556569128;4
7389;10;1;1;4;1;0;8408;537;5;1207.8518359943648;1208.274035589983;4
7392;20;1;1;4;1;0;9344;40;6;1208.5026410401324;1208.9712759269642;4
7437;26;0;0;1;1;0;2641;229;2;1219.3134988422155;1219.4487523370663;4
7436;16;2;2;8;1;1;4384;273;65;1219.2878309492844;1219.510292220521;4
7441;9;1;1;4;1;0;1160;174;51;1219.6569271755116;1219.7180617267481;4
7461;46;1;1;4;1;0;5601;935;6;1223.1778837939266;1223.4620168906895;4
7489;27;0;0;0;1;0;4388;71;17;1228.9374208102254;1229.1569981564949;4
7508;11;0;0;0;1;0;1334;333;73;1231.2207217800192;1231.2907598512559;4
7449;28;2;2;8;1;0;166;1288;13;1220.890111785785;1235.7269183452424;4
7553;32;0;0;0;1;0;1829;330;136;1238.408775873916;1238.5035601051527;4
7592;3;0;0;0;1;1;30749;1610;194;1244.5168291311847;1246.0592517624211;4
7621;21;2;2;8;1;0;10211;168;7;1249.0214528898728;1249.5351297611091;4
7640;6;0;0;0;1;0;1440;20;37;1251.7086190198488;1251.7835564510854;4
7680;18;2;2;8;1;0;2599;75;1;1257.2868480134157;1257.4198058446523;4
7684;29;2;2;8;1;0;2323;252;14;1257.679437051539;1257.7988214427758;4
7712;5;0;0;0;1;1;11009;428;117;1260.8947028230884;1261.448612494325;4
7759;26;0;0;0;1;0;2521;114;6;1266.633155522549;1266.7622632737857;4
7765;15;0;0;0;1;0;7695;403;184;1267.9208061170245;1268.3089837882612;4
7825;15;1;1;4;1;0;5766;31;62;1279.787941173489;1280.0791926847253;4
7835;22;2;2;9;1;0;3717;176;125;1281.150705109802;1281.3396922210384;4
7844;45;1;1;4;1;0;3210;148;43;1282.7001628010537;1282.8637640722902;4
7887;46;0;0;0;1;0;70;4;36;1287.8377882425941;1289.6883652725908;4
7961;14;0;0;0;1;0;7360;245;183;1299.7154793042757;1300.086704735512;4
7935;44;2;2;8;1;0;72;726;111;1294.424993876051;1304.24554678298;4
7999;42;1;1;4;1;0;4556;44;3;1305.1728087962715;1305.4035769475079;4
8017;18;1;1;4;1;0;3693;385;38;1307.7076224472014;1307.895677078438;4
8018;24;2;2;8;1;0;2737;67;39;1307.8905614851776;1308.0304090764143;4
8034;45;0;0;0;1;0;1848;2;24;1309.1144021297832;1309.209673328373;4
8063;40;2;2;8;1;0;16086;170;25;1312.2360933188988;1313.0435227501355;4
8127;4;0;0;1;1;0;3574;472;5;1321.288705903368;1321.4691638989864;4
8166;18;0;0;0;1;0;2881;674;57;1329.6992525459393;1329.8470770971758;4
8180;31;1;1;4;1;0;4638;199;1;1333.0434619920272;1333.2784814670688;4
8182;31;0;0;0;1;0;49;100;6;1333.1555570760283;1333.3759969072648;4
8190;33;0;0;0;1;0;1210;441;6;1334.3137262572643;1334.3759644128827;4
8193;25;0;0;1;1;0;1283;168;10;1334.5293431181253;1334.5950565537435;4
8192;31;0;0;0;1;0;2658;246;24;1334.5099932754858;1334.6461065537435;4
8189;14;1;1;4;1;0;8277;281;162;1334.2554326736304;1334.6725541848668;4
8197;20;0;0;0;1;0;170;116;12;1335.9223140926053;1337.0663587769143;4
8228;10;0;0;1;1;0;3951;337;39;1343.219992114195;1343.4296640439075;4
8254;13;1;1;4;1;0;2693;460;37;1347.2421509561498;1347.3803015873862;4
8120;14;2;2;8;1;0;182;781;308;1320.4271025381056;1349.6544097834646;4
8268;46;1;1;5;1;0;2005;216;61;1349.7065233397216;1349.809961650958;4
8277;13;0;0;0;1;0;3469;563;11;1350.9714879027351;1351.1485703739716;4
8293;40;0;0;0;1;0;193;80;61;1354.5520795936682;1355.6772128647754;4
8307;15;0;0;0;1;0;12133;324;60;1357.4171594996226;1358.027119295774;4
8273;11;1;1;4;1;0;72;86;208;1350.4791005292886;1362.153238135206;4
8358;12;2;2;8;1;1;16131;467;237;1365.6433103228742;1366.4533622806955;4
8370;8;2;2;8;1;0;895;204;67;1367.0256671774907;1367.072003653109;4
8408;6;0;0;0;1;0;3014;41;60;1372.0028455212214;1372.156509832458;4
8422;34;0;0;0;1;0;3512;801;27;1373.7364059729007;1373.9159430841373;4
8454;18;0;0;1;1;0;9818;101;40;1376.4141395378056;1376.9065600934239;4
8455;17;2;2;8;1;0;10105;1226;101;1376.5272609713077;1377.0369920825442;4
8500;23;1;1;4;1;1;10738;145;167;1382.6753657668314;1383.2153631980682;4
8504;6;1;1;4;1;0;128;7;128;1383.3776638888125;1386.4626760525823;4
8521;17;0;0;0;1;0;66;293;12;1387.0893728916024;1388.7203832931505;4
8574;13;0;0;0;1;0;5364;173;61;1399.454259077616;1399.7240257132341;4
8517;21;2;2;8;1;0;58;122;44;1386.3059122319744;1401.5369340982302;4
8584;41;1;1;4;1;0;9368;96;171;1401.0876938630895;1401.5575617718662;4
8618;0;0;0;0;1;0;3651;34;1;1406.0714219723006;1406.2569273235374;4
8698;34;0;0;1;1;0;7516;188;1;1419.0832802192242;1419.4622293308842;4
8707;34;1;1;4;1;0;7370;345;44;1419.8165459965237;1420.1883994277603;4
8749;17;1;1;4;1;0;1666;705;69;1426.0002368488508;1426.0873510800873;4
8758;31;2;2;8;1;0;95;62;9;1427.499737260272;1429.2000697155697;4
8765;48;0;0;0;1;1;20952;356;161;1428.5390359219805;1429.5899848353934;4
8788;45;0;0;0;1;0;6811;622;48;1431.1764721057618;1431.5188322122135;4
8797;31;0;0;1;1;0;8575;110;129;1431.8210522973022;1432.2490464812354;4
8904;11;0;0;0;1;0;155;101;8;1446.8417880280942;1449.5025246050682;4
8915;30;0;0;0;1;0;2022;580;151;1450.4168976530011;1450.5216518842376;4
8952;20;0;0;0;1;0;3867;175;92;1459.7613222959696;1459.9562095016877;4
8938;14;2;2;8;1;0;80;14;114;1456.6120819269754;1463.8820119461054;4
9001;33;1;1;4;1;0;7574;102;2;1466.6612669623103;1467.0414881579286;4
9002;35;2;2;8;1;1;43848;440;9;1466.7816583765625;1468.977533407799;4
9023;15;1;1;4;1;0;16;105;41;1470.0958632312106;1471.684423570398;4
9036;44;2;2;8;1;0;5617;216;76;1472.5164868361596;1472.8005251473962;4
9051;13;1;1;4;1;0;1829;53;74;1474.8128864842538;1474.9073161554902;4
9060;6;1;1;4;1;0;10766;43;22;1476.9705034257377;1477.511770296974;4
9070;24;0;0;0;1;0;1062;757;19;1478.8455069672887;1478.9024877585252;4
9092;24;1;1;4;1;0;8790;877;6;1482.2685019607668;1482.7120363520032;4
9109;44;1;1;5;1;0;366;698;47;1484.1438981224155;1484.1808551929194;4
9110;30;1;1;4;1;0;3886;510;22;1484.3013632614288;1484.4992278926657;4
9134;34;2;2;8;1;0;1097;16;150;1486.4236252247022;1486.4814075359388;4
9123;36;1;1;4;1;1;50921;400;270;1485.7293553551465;1488.277110598808;4
9193;2;0;0;0;1;0;5508;496;121;1493.4964718629735;1493.7753873093957;4
9194;28;2;2;8;1;0;6238;539;13;1493.507705732161;1493.8214066077792;4
9199;21;0;0;1;1;0;956;106;151;1494.0938346037294;1494.1431583593478;4
9233;6;1;1;4;1;0;1514;359;33;1497.685677915403;1497.7647492666397;4
9274;22;0;0;0;1;0;2630;332;50;1504.018509786865;1504.1516781824832;4
9281;41;0;0;0;1;0;10236;706;40;1504.993381453168;1505.5089969644046;4
9318;34;0;0;0;1;0;4637;46;123;1512.9393522337389;1513.172687589357;4
9331;34;0;0;0;1;0;34;39;127;1515.6802940471737;1516.818098949839;4
9272;17;1;1;4;1;0;74;371;57;1503.5433393295352;1519.3405860980959;4
9367;20;2;2;8;1;0;2462;56;6;1522.5168626675236;1522.64294617876;4
9373;49;0;0;0;1;1;28641;28;200;1523.5356866554334;1524.9692104910516;4
9387;34;2;2;8;1;0;9802;76;114;1526.2565312584086;1526.7496403696452;4
9410;13;2;2;8;1;0;8956;236;97;1530.0685141126737;1530.5179210682918;4
9427;4;2;2;8;1;0;2194;341;4;1533.24122170451;1533.3525958601283;4
9389;7;1;1;5;1;0;97;506;57;1526.5430352043052;1535.6216271930512;4
9434;9;2;2;8;1;0;191;167;6;1534.2851089793057;1535.7145599190274;4
9450;6;0;0;0;1;0;2766;539;8;1536.3079973854165;1536.4498991366531;4
9465;43;0;0;0;1;0;4754;163;225;1539.0789064867467;1539.3181667223648;4
9466;44;1;1;4;1;0;8510;507;100;1539.178649290734;1539.6076886954866;4
9477;16;0;0;0;1;1;29806;261;3;1540.9594949375887;1542.451417893207;4
9511;44;0;0;0;1;0;2654;36;47;1546.106737664614;1546.2409150434662;4
9544;13;0;0;0;1;0;1347;47;22;1550.9866000741777;1551.0569220654145;4
9580;2;2;2;8;1;0;16354;7;23;1555.9179947331818;1556.7371551288002;4
9603;46;2;2;8;1;0;200;121;20;1558.2292056642239;1567.0269647037198;4
9673;26;0;0;0;1;0;7064;62;52;1571.1235186666395;1571.4796773179046;4
9678;41;0;0;0;1;0;145;73;82;1572.5020110814048;1576.0849628873095;4
9687;26;1;1;4;1;0;4847;112;67;1576.0216241669807;1576.2654702599775;4
9705;34;1;1;4;1;0;10899;381;190;1578.0603172783865;1578.6086667896232;4
9767;32;2;2;8;1;0;1652;79;50;1588.048047109804;1588.1336600610405;4
9816;40;2;2;8;1;0;2648;389;41;1594.7518578477968;1594.885962723415;4
9849;11;0;0;0;1;0;3995;719;1;1598.9750817406646;1599.1767478162828;4
9855;43;0;0;0;1;0;2435;282;181;1599.7800969322425;1599.9034833278608;4
9857;33;0;0;0;1;0;1621;42;23;1599.9492033912275;1600.0317361868458;4
9894;21;2;2;8;1;0;1573;38;63;1605.3802779348762;1605.4618884061128;4
9908;25;0;0;0;1;0;7850;445;10;1606.5981196373946;1606.994085931032;4
9909;46;1;1;4;1;0;7632;1007;38;1606.6691711034475;1607.054923588702;4
9911;18;2;2;8;1;0;28;6;7;1606.8174085980588;1611.1161672328426;4
9938;40;2;2;8;1;0;9205;377;92;1611.170297625307;1611.6339420165436;4
9992;43;2;2;8;1;0;3408;238;48;1618.8204193636439;1618.9940358348804;4
9974;38;1;1;4;1;0;114;569;206;1616.5300569469339;1620.3451384560726;4
10031;3;0;0;0;1;1;7458;610;87;1624.1623618984902;1624.5389545297267;4
10032;3;1;1;4;1;1;7402;132;226;1624.2344384768505;1624.606078872469;4
10085;29;0;0;0;1;0;1654;287;16;1636.2766777439329;1636.3610173395512;4
10099;2;0;0;0;1;0;1334;196;40;1638.3854258390297;1638.4537071946481;4
10107;35;0;0;0;1;1;4359;760;33;1639.4683022362308;1639.6901368674671;4
10125;43;0;0;1;1;0;13155;700;4;1642.2150466198473;1642.8742310379616;4
10127;24;2;2;8;1;0;69;111;278;1642.32523672499;1647.5917665418922;4
10168;13;0;0;1;1;0;7778;329;292;1647.955778258641;1648.3480013604185;4
10172;13;0;0;0;1;0;9782;259;110;1648.3042796848003;1648.7950013604184;4
10185;33;0;0;0;1;0;2188;240;36;1651.8611892997776;1651.972198815396;4
10195;28;0;0;0;1;0;5682;103;132;1653.5585847286495;1653.8442065642678;4
10208;19;2;2;8;1;0;2910;121;1;1655.6826526685913;1655.8312193798279;4
10222;40;0;0;0;1;0;8609;366;50;1657.189253570195;1657.6170715014;4
10262;8;0;0;1;1;0;4025;38;118;1663.3217829443024;1663.5259717788151;4
10257;19;1;1;4;1;0;8;25;1;1662.856148050901;1667.215212813094;4
10370;43;1;1;4;1;0;6359;223;70;1675.8814362959222;1676.2025357694824;4
10399;43;1;1;4;1;0;82;105;18;1679.9515693790497;1680.3505726677133;4
10436;30;0;0;0;1;0;171;121;39;1686.2980254677739;1687.7748099503308;4
10561;8;0;0;0;1;0;1677;535;1;1710.4637088201498;1710.5511554513864;4
10610;33;1;1;4;1;0;9969;518;46;1717.1547855163067;1717.6568103875434;4
10616;14;0;0;0;1;0;817;61;137;1718.3541679581322;1718.3965129137505;4
10628;44;0;0;1;1;0;4690;51;15;1719.633209884771;1719.8691510911876;4
10637;6;1;1;5;1;0;2002;9;80;1720.324343849851;1720.4273672010875;4
10644;40;0;0;0;1;0;2495;614;37;1722.0418666946073;1722.1684655702254;4
10544;35;2;2;8;1;1;130;228;19;1707.6708220132637;1723.968386692965;4
10678;6;2;2;8;1;0;1410;325;43;1726.0123903932954;1726.086218224532;4
10706;30;0;0;0;1;0;7965;189;61;1729.5819419212064;1729.983309710401;4
10725;19;0;0;0;1;0;72;92;59;1731.3844996496562;1731.8210293795025;4
10759;10;0;0;0;1;0;6856;33;340;1735.901844621523;1736.2475971402246;4
10777;42;2;2;8;1;0;10737;178;29;1737.6292458295945;1738.1676656652128;4
10774;36;1;1;4;1;1;32972;510;448;1737.4779637094161;1739.1301283406528;4
10795;15;1;1;4;1;0;9854;426;140;1739.9469649989994;1740.443122110236;4
10806;17;0;0;1;1;0;4213;263;9;1741.112452559324;1741.3247267949423;4
10828;4;0;0;0;1;0;305;375;33;1745.5175654518182;1745.537684318673;4
10844;3;0;0;0;1;1;7325;680;160;1747.5028113356843;1747.872843566921;4
10850;2;0;0;0;1;0;9334;23;92;1748.9082444924732;1749.3778857637096;4
10851;2;0;0;0;1;0;12290;511;2;1748.9085773102697;1749.5256857637096;4
10866;41;0;0;0;1;0;9134;422;33;1752.680776563056;1753.1409285542925;4
10882;25;1;1;4;1;0;2198;150;3;1756.660290754477;1756.7732945857138;4
10906;39;2;2;8;1;0;10627;4;24;1760.453514291477;1760.9877812427137;4
10935;7;2;2;8;1;0;873;385;213;1764.9893105888264;1765.036365220063;4
10937;48;0;0;0;1;1;30532;676;43;1765.1683708515307;1766.6987479627671;4
10954;34;2;2;8;1;0;37;182;60;1767.8629864214715;1770.3706789837233;4
10970;31;0;0;1;1;0;1519;158;51;1771.1410402561196;1771.2201043273562;4
11007;47;0;0;0;1;0;4353;532;139;1777.0600586185456;1777.279505014164;4
11019;33;1;1;4;1;0;164;834;9;1779.3626194758424;1781.331917947903;4
11070;19;0;0;1;1;0;3163;364;17;1785.5739415502615;1785.7337804258798;4
11077;26;0;0;0;1;0;3620;113;77;1786.4829559061343;1786.6654841417526;4
11090;21;0;0;0;1;0;12671;967;23;1788.0553348450235;1788.69303443626;4
11096;2;0;0;0;1;0;2296;80;75;1789.0666463572873;1789.1845334104264;4
11099;38;2;2;8;1;0;138;225;29;1789.4308836210173;1794.7426331517606;4
11136;20;1;1;4;1;0;4519;125;121;1794.5021643134535;1794.7432672138589;4
11150;30;1;1;4;1;0;6649;832;56;1796.074846322301;1796.4112731135378;4
