#auto generated file!
1492;65;0;0;0;1;0;48;119;22;189.45729895043064;190.35847106248053;4
1505;40;0;0;0;1;0;5186;106;6;190.777635383382;191.04426937694342;4
1549;2;0;0;0;1;1;28427;1392;79;195.8963172217879;197.32664729534932;4
1561;65;2;2;8;1;0;1703;156;15;197.30405296918354;197.39660096274497;4
1598;30;1;1;4;1;1;25482;117;139;202.36346163628937;203.64490970985077;4
1635;51;2;2;8;1;0;696;422;69;207.35842520753457;207.39709444431526;4
1646;51;2;2;8;1;0;6026;849;19;208.5152817416008;208.82486677516223;4
1661;31;0;0;0;1;0;7480;93;64;210.35433070252822;210.73564805608962;4
1676;16;0;0;1;1;0;8049;53;147;211.51711477862997;211.9268309321914;4
1680;40;2;2;8;1;0;10;654;11;212.20153332911636;216.37515057098474;4
1712;67;2;2;8;1;0;1903;342;36;216.622260829108;216.7250469026694;4
1706;17;0;0;1;1;1;29104;265;88;216.08295586898893;217.54569338255035;4
1718;60;0;0;0;1;1;33393;225;132;217.59531843417625;219.26623274520279;4
1733;6;1;1;4;1;1;8009;190;33;219.05673153780558;219.46090229458628;4
1738;19;2;2;8;1;0;4951;314;132;219.9953324222613;220.25044289002733;4
1744;25;1;1;4;1;0;2552;134;9;220.5420168146489;220.6733017314296;4
1773;68;1;1;4;1;0;724;32;15;223.8582253338803;223.89804497066103;4
1849;67;0;0;0;1;0;8182;986;189;233.02107646682228;233.43861409132361;4
1852;51;1;1;4;1;0;5089;198;123;233.23887504231607;233.49705091909678;4
1764;53;2;2;8;1;0;146;37;93;222.89897744755464;234.36988883290434;4
1878;49;0;0;0;1;0;2573;351;14;235.31502829618915;235.45132588975054;4
1934;13;1;1;4;1;0;14888;80;11;239.1593294979685;239.91103021152992;4
1939;34;0;0;0;1;0;2324;720;155;239.90317661459687;240.02749652815828;4
1954;14;2;2;8;1;0;4914;112;5;241.1753084335479;241.42835010710934;4
1967;14;0;0;1;1;0;4157;242;41;242.1417716113538;242.35712968491524;4
2007;67;0;0;0;1;0;3459;15;8;246.256150894023;246.43631840758437;4
2034;70;0;0;0;1;0;5247;291;26;249.4794437411594;249.74935108990906;4
2046;14;1;1;4;1;0;3978;486;1;250.74064416888666;250.9473645624481;4
2110;37;0;0;1;1;0;14550;71;181;257.20078325875363;257.93192785553435;4
2122;70;0;0;0;1;0;2370;359;22;258.948429490084;259.0707584068647;4
2148;65;0;0;0;1;0;12096;52;101;262.71557813654806;263.3236600808875;4
2201;49;2;2;8;1;0;181;433;130;270.5353841132637;272.20337370897124;4
2220;74;0;0;0;1;0;2791;92;106;273.07609531667975;273.2229613902411;4
2263;53;0;0;1;1;0;8602;127;61;277.91908084672775;278.35284204271676;4
2288;54;1;1;4;1;1;22700;60;250;281.27273176094957;282.4149835178008;4
2348;70;1;1;5;1;0;2015;192;263;287.8335974642595;287.9417522780711;4
2330;61;2;2;8;1;0;1;1;113;285.7845603912348;288.4462760935948;4
2382;72;0;0;1;1;0;5049;51;1;290.4778887556657;290.73395856276767;4
2384;66;0;0;0;1;0;7000;804;64;290.61623112920626;290.9744237970421;4
2393;41;2;2;8;1;0;123;987;17;291.43045142061516;292.28399195583995;4
2416;70;2;2;8;1;0;14399;549;116;293.24455042686867;293.9724014604301;4
2428;37;0;0;0;1;0;7170;1;104;294.118201106233;294.4838874258548;4
2550;72;2;2;9;1;0;7740;47;5;302.7671617111623;303.1613789919514;4
2664;61;0;0;0;1;0;671;24;6;313.078973649744;313.1161381665247;4
2647;61;1;1;5;1;0;26809;90;117;311.98823960078516;313.33597471932995;4
2672;64;0;0;0;1;0;1907;50;1;314.3210603123944;314.4236726259559;4
2719;12;0;0;0;1;0;7335;953;12;321.53825360524615;321.9123126241897;4
2754;9;2;2;8;1;0;72;327;58;327.0638479048662;332.8172581372251;4
2814;74;2;2;8;1;0;5;19;80;336.65826103233627;339.4042480779924;4
2839;57;0;0;1;1;0;9270;89;26;339.18121038257965;339.65202261614104;4
2862;4;0;0;0;1;1;10558;50;230;341.91500782803695;342.4501701415984;4
2895;74;2;2;8;1;0;5138;104;43;345.7239400835814;345.98450580036206;4
2902;24;0;0;0;1;0;1738;96;6;346.9184979055669;347.0090585023476;4
3004;35;0;0;1;1;1;26588;532;83;356.98613299677027;358.3234029394192;4
3020;70;2;2;8;1;0;7466;109;94;358.26000765551794;358.64064548907936;4
3024;34;1;1;4;1;0;2220;43;60;358.71275609357974;358.82738277036043;4
3103;38;1;1;4;1;0;2473;109;57;365.8841473469776;366.01513518053906;4
3126;46;0;0;0;1;0;5720;85;45;368.0656648818594;368.372485551465;4
3133;9;0;0;0;1;0;3674;68;34;368.4898063258243;368.6807889706058;4
3175;57;0;0;0;1;0;3832;6;44;372.78341767019424;372.97862066697496;4
3180;3;0;0;0;1;0;5701;325;58;373.62669990952685;373.9193466129856;4
3209;26;0;0;0;1;0;1840;677;31;377.1506614226818;377.24669385946254;4
3239;3;0;0;0;1;0;110;363;40;380.9605046652375;383.32403229665215;4
3261;1;0;0;0;1;0;1874;57;57;384.5689951531219;384.6699664266833;4
3273;10;1;1;4;1;0;6816;741;54;386.2654698350804;386.6103131587534;4
3288;49;0;0;0;1;0;380;218;6;387.96106082266465;387.9911411730068;4
3251;13;2;2;8;1;0;156;217;58;383.0350320860957;392.429622302638;4
3343;0;0;0;0;1;0;347;40;103;395.81043710599795;395.8350366195594;4
3350;51;1;1;4;1;0;1771;140;127;396.4738364914854;396.5697640050468;4
3358;25;2;2;8;1;0;169;412;19;397.54311819156896;398.30550774523914;4
3411;23;0;0;0;1;0;2687;306;12;403.21913258045436;403.3610293417651;4
3447;57;2;2;8;1;0;29;73;3;406.1496405830958;407.20071162310694;4
3455;47;0;0;0;1;1;6752;344;17;407.1503696342895;407.49919926811134;4
3480;64;1;1;4;1;0;5528;51;44;409.8993819798202;410.18304557338166;4
3517;14;0;0;0;1;0;4695;233;33;413.90034076479606;414.14258731835747;4
3547;74;2;2;8;1;0;90;224;3;415.73085711881413;416.0536632547588;4
3554;57;0;0;1;1;0;590;438;19;416.27681949037276;416.31407844393414;4
3619;23;1;1;4;1;0;2803;257;2;421.06464913185;421.21232640541143;4
3630;74;0;0;0;1;0;2332;251;40;422.0477513724581;422.1681111692388;4
3703;34;0;0;0;1;0;3597;359;2;429.9399532328595;430.1274239863776;4
3721;56;0;0;1;1;0;993;602;17;431.47704849720094;431.5346673707623;4
3728;73;0;0;0;1;1;16532;180;364;432.099406378094;432.9297207348747;4
3736;34;1;1;4;1;0;4347;119;155;432.80437808321005;433.02540339999075;4
3746;57;1;1;4;1;0;7619;75;44;434.1737333589177;434.55833051569834;4
3755;14;1;1;4;1;0;2434;544;150;435.50949405247866;435.63908868604;4
3819;46;0;0;0;1;0;3852;517;51;445.48731226924457;445.68777234280606;4
3826;51;0;0;0;1;0;5980;141;76;447.1123711369499;447.4187499305113;4
3838;7;2;2;8;1;0;439;211;128;449.022099331121;449.05151772468247;4
3827;71;1;1;4;1;0;155;17;97;447.1834843694324;449.68856094905124;4
3844;30;1;1;5;1;1;20384;555;9;449.68460659227054;450.70776094905125;4
3863;54;2;2;8;1;1;9116;11;66;453.187224488767;453.64663068554773;4
3875;2;1;1;4;1;1;48315;22;40;454.3488314137961;456.77180788735757;4
3893;62;0;0;1;1;0;9934;368;1;456.3152461054471;456.81959965077726;4
3924;63;0;0;0;1;1;15646;235;245;460.2552329011299;461.0450320146913;4
3992;0;2;2;8;1;0;1430;414;92;468.3495932284366;468.4288214619981;4
3999;24;1;1;5;1;0;3469;92;17;468.8527389112399;469.03350498480125;4
4038;12;1;1;5;1;0;6669;48;75;472.0578998003901;472.3949796771708;4
4049;57;1;1;4;1;0;2801;681;75;472.8711655634428;473.0092168658138;4
4051;13;1;1;4;1;0;1890;149;1;473.02387361564;473.1220681324207;4
4072;59;2;2;8;1;0;3713;90;31;475.06757929453323;475.2568860513139;4
4080;50;0;0;0;1;0;8223;42;77;475.8766372331578;476.295004087297;4
4095;26;2;2;8;1;0;200;31;11;477.24085064358263;479.185773146712;4
4115;61;1;1;4;1;0;2700;103;33;479.2965495581378;479.4352146349185;4
4113;19;0;0;1;1;0;11215;154;268;479.1683967179979;479.73279444653605;4
4122;34;2;2;8;1;0;3240;186;140;480.0500399998231;480.219436137453;4
4147;32;1;1;4;1;0;1277;70;2;482.36753857016765;482.4350249857082;4
4160;37;1;1;4;1;0;9345;192;121;483.22799061451445;483.7026846880758;4
4167;8;1;1;4;1;0;16639;144;14;483.92503546477514;484.76067678155584;4
4200;45;0;0;0;1;0;7900;91;52;487.0832990445761;487.48561383813745;4
4205;41;2;2;8;1;0;8862;99;88;487.5650332349571;488.0154097212245;4
4260;52;0;0;0;1;0;9989;140;51;494.2244446770643;494.73127219062576;4
4283;71;1;1;4;1;0;2647;168;83;496.5032498317924;496.6393065085731;4
4303;57;0;0;0;1;0;1222;132;85;501.0393616456556;501.1041452824363;4
4312;7;2;2;8;1;0;12440;147;217;502.55370257292327;503.18308904648467;4
4317;37;1;1;4;1;0;636;46;1;503.2057574919624;503.24481468552375;4
4338;3;2;2;8;1;0;3430;163;187;505.87321601910867;506.05212297267;4
4346;1;2;2;8;1;0;1878;246;47;506.9407200331361;507.0421332266975;4
4395;17;0;0;0;1;1;14233;49;476;512.8172198390685;513.5361235061829;4
4442;59;0;0;0;1;0;4825;218;86;519.4557546277958;519.7044819813573;4
4461;0;0;0;0;1;0;2060;131;124;521.98399603097;522.0943595075956;4
4455;30;1;1;4;1;1;20585;36;22;521.4024812893601;522.4353517115774;4
4483;37;0;0;0;1;0;5161;427;49;524.4614211545471;524.7233435913279;4
4519;26;0;0;0;1;0;4961;128;59;527.1927027719607;527.4481149255222;4
4528;48;0;0;0;1;1;62470;46;81;528.0050423098754;531.1322745878294;4
4598;55;0;0;1;1;0;13161;148;9;536.3548428626543;537.0202577373905;4
4615;61;1;1;5;1;0;8608;179;90;537.2340975670162;537.6718787491103;4
4651;71;0;0;0;1;0;157;1221;3;539.9204325718837;540.0152538727867;4
4654;41;1;1;4;1;0;5337;67;13;540.1802222794023;540.4543563529636;4
4691;28;0;0;0;1;0;1731;1157;15;544.214880113243;544.3057697500237;4
4721;26;0;0;0;1;0;65;228;81;547.1154297464085;547.2392962898188;4
4741;39;2;2;8;1;0;4608;30;89;549.335130971964;549.5691493287447;4
4751;24;1;1;4;1;0;3274;84;198;550.7362632264748;550.907269060036;4
4791;29;2;2;8;1;0;1181;274;153;555.3031638252195;555.3659883420002;4
4794;57;2;2;8;1;0;3353;105;33;556.7875419565426;556.9588583133233;4
4782;46;1;1;4;1;0;41;46;24;553.5096349359155;557.8720616988832;4
4819;10;0;0;0;1;0;4516;8;63;560.0702482153142;560.299652492095;4
4911;38;0;0;0;1;0;1089;71;41;571.3783367521346;571.4400759456961;4
4907;38;1;1;4;1;0;5610;94;30;571.2514232111928;571.539201609214;4
4927;56;0;0;0;1;0;7015;123;20;573.7115858661324;574.0659771005838;4
4969;3;0;0;1;1;0;139;489;14;579.2971991543017;579.3465312329099;4
4968;74;2;2;8;1;0;46;40;159;578.9859569213725;582.0133955108889;4
5009;61;0;0;0;1;0;1316;434;98;583.0640274484717;583.137581282033;4
5035;20;0;0;0;1;0;3900;318;46;587.0889869015376;587.291592255099;4
5047;21;1;1;5;1;0;3701;236;51;587.9759067845322;588.1684375889948;4
5044;13;0;0;0;1;0;11481;130;23;587.9139243974842;588.4916099618613;4
5060;49;0;0;0;1;0;6996;819;4;588.551019845257;588.9049431620376;4
5080;3;0;0;1;1;0;4140;757;90;590.1758590913776;590.3856629380675;4
5098;67;0;0;0;1;0;1921;28;146;592.6807321442296;592.7803679594423;4
5105;67;1;1;5;1;0;2380;322;59;593.0252789304174;593.1480841671981;4
5153;5;0;0;0;1;0;11;355;1;597.3861079931647;597.487086869918;4
5170;38;1;1;4;1;0;181;66;34;598.458278085144;599.9612885809047;4
5231;34;1;1;4;1;0;166;57;83;603.7045268202334;604.1807504471631;4
5251;1;0;0;0;1;0;8698;58;194;606.1597053091608;606.5982415859415;4
5259;15;0;0;0;1;0;2657;152;37;607.0029860134935;607.1432288870549;4
5267;71;1;1;5;1;0;14954;154;106;607.9462683095778;608.6976660263585;4
5192;56;2;2;8;1;0;129;244;134;600.4783287272056;610.1650558018148;4
5294;50;1;1;4;1;0;5644;200;275;610.972196346433;611.2618506599943;4
5306;53;1;1;4;1;0;118;19;65;612.4251104839834;614.7756158256492;4
5328;39;0;0;1;1;0;2552;230;1;615.4644026854727;615.5957490422534;4
5323;18;1;1;4;1;0;14150;256;99;615.0889150269834;615.8039064188227;4
5298;31;2;2;8;1;0;33;162;49;611.2861180613377;620.279713669334;4
5375;73;1;1;5;1;1;14882;213;160;621.4879735330733;622.2395444866346;4
5405;49;1;1;5;1;0;4723;219;6;624.5693637205966;624.805684901309;4
5403;49;2;2;8;1;0;117;91;47;624.5332290486024;625.2667146540842;4
5417;8;1;1;5;1;0;235;286;66;626.7299817050002;626.7455139017809;4
5413;5;0;0;0;1;0;9617;241;20;626.4947298643473;626.9793062285305;4
5433;9;2;2;8;1;0;4947;200;25;628.3852386664528;628.6363158232334;4
5511;6;1;1;4;1;1;44975;40;25;637.9675196462701;640.2198901464665;4
5566;29;0;0;0;1;0;2570;442;4;644.9175829975957;645.0499650343764;4
5549;42;1;1;4;1;1;60134;562;128;643.080576266726;646.0897880880204;4
5568;19;2;2;8;1;0;22;130;157;645.0452755578045;647.1507294909053;4
5582;51;2;2;9;1;0;130;92;163;647.1434134173438;647.9496551608897;4
5614;16;1;1;4;1;0;145;349;16;650.0089998136751;651.0336325687048;4
5628;49;1;1;4;1;0;41;295;91;651.318893325884;652.0145377335429;4
5647;38;1;1;4;1;0;5468;1;100;653.445137858375;653.7221232926757;4
5686;21;2;2;8;1;0;370;92;33;655.7226683328679;655.7484844064294;4
5709;15;2;2;9;1;0;1790;229;70;657.6248132920775;657.7180590088583;4
5727;24;0;0;0;1;0;14519;179;151;659.2898081409628;660.013219189711;4
5753;62;0;0;0;1;0;17252;57;1;661.7846795135109;662.6545507870724;4
5767;1;0;0;0;1;0;80;71;31;663.2247423408761;663.7018008803886;4
5785;0;0;0;0;1;0;1331;63;37;664.8266677903821;664.9004967439434;4
5758;1;1;1;4;1;0;66;99;62;662.4159879580556;665.2100593601838;4
5792;10;2;2;9;1;0;2302;846;8;665.3070896008722;665.426330197653;4
5893;7;0;0;0;1;0;584;778;45;675.6483015467506;675.685695700312;4
5884;61;2;2;8;1;0;17;1;81;674.3877456519383;680.245766623039;4
5928;3;2;2;9;1;0;1493;303;100;680.2381804694777;680.320416623039;4
5925;70;1;1;4;1;0;9023;111;3;680.0821539762904;680.5406380411158;4
5951;55;0;0;0;1;0;2086;219;11;682.175441828469;682.2834810700958;4
5961;51;1;1;4;1;0;5512;243;255;683.4240652657309;683.7071746192922;4
6031;31;2;2;8;1;0;4715;1;156;693.9472161904207;694.1901657839821;4
6044;48;1;1;4;1;1;9385;742;79;695.0981284602307;695.5755265337921;4
6079;67;1;1;4;1;0;2898;36;39;700.3327130320546;700.4812352288353;4
6088;20;0;0;0;1;0;546;24;6;701.7766807250946;701.8112097586559;4
6110;37;1;1;4;1;0;2819;11;20;703.7275317343971;703.8756941279584;4
6183;42;0;0;0;1;1;11379;90;306;710.6709439063471;711.2471910537722;4
6251;44;0;0;1;1;0;2615;17;357;717.4734082753795;717.611378348941;4
6265;26;2;2;8;1;0;3506;38;90;718.5351616270806;718.7140851038613;4
6294;52;0;0;0;1;0;7706;279;73;720.8967202075411;721.289543376151;4
6308;13;0;0;0;1;0;4021;265;27;721.9773294179976;722.1821481747783;4
6325;67;2;2;8;1;0;5323;346;1;723.6271609209015;723.8971315176822;4
6340;15;1;1;5;1;0;6661;481;94;725.2661073495416;725.6069590169853;4
6369;71;1;1;4;1;0;4020;390;59;728.8432707119553;729.048119468736;4
6379;29;2;2;8;1;0;5947;321;6;729.9044204120985;730.2093796056599;4
6398;32;0;0;0;1;0;4840;97;13;731.4046207222822;731.6502819590628;4
6401;61;0;0;0;1;0;6066;10;12;731.7413890270169;732.0555069773591;4
6447;10;0;0;0;1;0;904;209;312;737.6092587566869;737.6619245902483;4
6462;44;0;0;1;1;0;4992;50;32;739.5752739158294;739.8321170362908;4
6498;65;0;0;0;1;0;2589;53;28;743.8017361910686;743.9348192678493;4
6520;37;0;0;0;1;0;9277;510;49;746.6583646199585;747.1300529637676;4
6565;31;2;2;8;1;0;18189;35;41;752.1680037496714;753.081075306452;4
6586;63;0;0;0;1;1;5901;122;97;756.1117061154614;756.4141105890228;4
6612;3;1;1;4;1;0;5537;111;230;759.3418230481068;759.6260134416682;4
6632;56;2;2;8;1;0;6455;349;175;762.0412511422332;762.367823659014;4
6638;53;2;2;9;1;0;555;288;68;762.612273313798;762.6475902673593;4
6635;43;2;2;8;1;0;17997;626;13;762.3698941126227;763.2676247035114;4
6682;12;2;2;8;1;0;4510;102;19;766.5167020489627;766.7458664857434;4
6701;20;0;0;0;1;0;9849;669;160;768.7337576263368;769.2302137442601;4
6707;24;0;0;0;1;0;3775;329;142;769.254449322442;769.4507854689824;4
6832;31;2;2;8;1;0;9927;177;147;779.2806225585591;779.7806656469331;4
6843;65;0;0;0;1;0;8670;382;60;780.3532783896117;780.7944482482695;4
6856;68;1;1;4;1;0;1774;438;147;781.1256903388644;781.2221051068491;4
6897;68;1;1;4;1;0;2448;560;5;785.1714974601191;785.3018125736805;4
6855;31;2;2;8;1;0;166;301;38;781.0329151941207;787.0025303968223;4
6914;52;2;2;9;1;0;4428;266;284;786.9987610000416;787.2239303968223;4
6921;64;1;1;4;1;0;6322;76;32;787.7674760112633;788.087223808044;4
6945;0;0;0;0;1;0;3679;596;62;790.8487475096462;791.0406587032076;4
6950;24;2;2;8;1;0;164;167;62;791.4635738283823;798.4205205938957;4
7004;72;2;2;9;1;0;11371;28;57;798.416903517115;798.9890705938957;4
7005;20;0;0;0;1;0;6648;811;76;798.6862206094476;799.0268168833192;4
7024;46;0;0;0;1;0;13807;113;14;801.4188111040334;802.1164668474235;4
7174;63;2;2;8;1;1;9901;340;109;819.9336225145561;820.4324892713367;4
7227;12;0;0;1;1;0;7004;575;8;824.7593721178042;825.1175006233184;4
7230;51;1;1;5;1;0;2847;310;27;824.9741364765505;825.1202840333311;4
7228;12;0;0;0;1;0;7008;71;45;824.8215114297569;825.1792006233184;4
7252;55;0;0;0;1;0;136;93;50;827.5099539396332;827.9462854221704;4
7278;13;2;2;9;1;0;5018;52;27;829.5725085424584;829.8270012833393;4
7292;26;0;0;0;1;0;1265;151;99;831.4974722431049;831.5681138366663;4
7377;28;1;1;4;1;0;6951;434;60;837.4316480125486;837.7830749293292;4
7385;33;0;0;0;1;0;1556;618;95;838.3934308304022;838.4791988632453;4
7386;40;0;0;1;1;0;5347;251;71;838.4051292696838;838.6799787558982;4
7401;40;2;2;9;1;0;47;178;72;839.6585992961159;840.4240083037414;4
7406;0;0;0;0;1;0;8836;263;9;840.234190870416;840.6834767114187;4
7439;65;2;2;9;1;0;10572;256;68;842.3067545229032;842.8428346536401;4
7451;38;1;1;4;1;0;4840;148;2;843.6506959471302;843.8963898239109;4
7498;41;0;0;0;1;0;3054;982;83;849.2706271446992;849.4317824182606;4
7467;36;2;2;8;1;0;99;146;61;844.9325791274683;853.2583512312658;4
7549;43;0;0;0;1;0;4050;595;20;854.9224543719806;855.1289343287613;4
7555;3;2;2;8;1;0;4115;1015;145;855.6905985137302;855.9005972705108;4
7588;55;2;2;8;1;0;152;76;95;858.8047314874733;859.3425537647194;4
7591;48;0;0;0;1;1;18983;195;47;859.2092083968813;860.1658063104428;4
7683;18;1;1;4;1;0;138;17;8;869.8365035581946;871.0418128317352;4
7711;49;2;2;8;1;0;3248;188;142;872.7714611889184;872.9375806656991;4
7727;25;1;1;4;1;0;9549;496;2;874.4747600516112;874.9561266483919;4
7755;36;2;2;8;1;0;5510;228;1;877.7994223690467;878.082412522608;4
7806;54;0;0;0;1;1;1977;167;536;884.8725885724809;884.9788506460424;4
7838;66;2;2;8;1;0;12945;256;40;887.4746867949002;888.1256776930018;4
7858;37;1;1;5;1;0;4525;1;10;889.4784334454235;889.7118605111328;4
7863;35;0;0;0;1;1;19252;144;11;890.2149745398182;891.1849571733796;4
7898;7;0;0;0;1;0;5502;172;115;893.4226674058182;893.7051858793794;4
7900;55;1;1;4;1;0;3264;350;40;893.567488949223;893.7383352627845;4
7920;10;1;1;4;1;0;3250;174;132;895.3384892180426;895.5084102516041;4
7923;37;0;0;1;1;0;7277;40;38;895.4929496707083;895.8640491842697;4
7925;14;0;0;0;1;0;102;501;33;896.1911166976066;896.583220771996;4
7958;20;2;2;9;1;0;3732;489;38;898.738910182929;898.9333344164904;4
8026;70;0;0;0;1;0;1151;70;51;906.0118022589874;906.0766401725488;4
8039;19;0;0;0;1;0;1364;88;11;907.0270788051546;907.1025897587161;4
8059;33;0;0;0;1;0;5621;230;35;909.0339595867731;909.3187559435538;4
8083;64;2;2;8;1;0;7851;6;26;911.9571906696299;912.3569466631914;4
8120;71;1;1;4;1;0;13023;193;3;915.3570462379994;916.0119189147802;4
8136;55;2;2;8;1;0;4922;645;5;916.9340101326845;917.1881340462459;4
8188;46;1;1;4;1;0;3505;13;137;924.0687499749553;924.2512149285168;4
8200;12;0;0;0;1;0;1276;347;123;925.7927889141133;925.8642313876747;4
8228;62;0;0;1;1;0;405;128;75;929.767524518277;929.7951366718385;4
8208;13;2;2;8;1;0;145;339;1;927.1226967528187;931.6509261329146;4
8266;5;2;2;8;1;0;2367;2;153;934.4996991060854;934.6252499796468;4
8288;6;1;1;4;1;1;9266;528;153;937.1647021557969;937.6358717572026;4
8295;41;2;2;9;1;0;2497;271;57;937.6992024443742;937.8315976379356;4
8311;61;1;1;4;1;0;1188;314;24;939.0888228968589;939.1520230136396;4
8339;5;2;2;8;1;0;2689;321;85;941.5952744280081;941.7373336215695;4
8412;45;0;0;0;1;0;7753;43;39;950.5632037250372;950.9580675460708;4
8432;28;0;0;0;1;0;10856;202;10;952.5031292717193;953.053377019228;4
8445;43;0;0;1;1;0;9643;41;91;953.5463425759558;954.0238693379631;4
8407;65;2;2;8;1;0;52;687;83;950.0786907757806;954.468971557627;4
8458;37;0;0;0;1;0;8205;310;42;954.5527424156464;954.9705698202762;4
8519;61;1;1;5;1;0;5713;236;97;960.1790862781951;960.4717462400444;4
8534;62;1;1;4;1;0;9551;197;4;960.8929752010832;961.3689897716388;4
8511;54;0;0;0;1;1;63746;2469;74;959.679026326012;962.8714895121644;4
8598;9;1;1;4;1;0;1272;625;122;968.560696892521;968.6322952060823;4
8603;38;1;1;4;1;0;5254;222;199;968.968639165088;969.2388216386494;4
8620;14;2;2;8;1;0;3446;43;54;970.5561074906676;970.7356608442291;4
8619;14;0;0;0;1;0;19467;18;1;970.4016759870569;971.3821979104717;4
8668;64;1;1;5;1;0;5602;58;25;975.9924575360033;976.276193812784;4
8678;39;0;0;0;1;0;8057;211;86;977.1201471759075;977.5267313726881;4
8689;55;0;0;1;1;0;214;237;71;978.5557050031608;978.5701558399415;4
8666;26;2;2;8;1;0;40;72;154;975.7342046506993;979.465235112713;4
8713;40;0;0;0;1;0;6497;109;110;982.2289743640974;982.5611621976589;4
8737;59;1;1;4;1;0;8514;42;94;986.5451778397403;986.9781299133017;4
8748;49;0;0;0;1;0;9204;63;219;988.2565112553305;988.7239902088918;4
8777;41;1;1;4;1;0;3549;247;14;992.6144598298654;992.7994243034269;4
8811;21;0;0;0;1;0;1238;207;46;997.1375950013548;997.2069582749162;4
8824;0;1;1;4;1;0;2786;405;17;998.6250086838885;998.77202539745;4
8963;57;0;0;0;1;0;14309;16;28;1013.6502161404085;1014.3728774850667;4
8956;28;2;2;8;1;0;72;194;91;1012.9297149721235;1016.016621986561;4
9021;34;2;2;8;1;0;1390;321;31;1018.378475613402;1018.4517802101826;4
9052;29;0;0;0;1;0;177;80;120;1021.9088854992119;1022.3636153216116;4
9053;11;1;1;4;1;0;10391;115;53;1022.2600068519831;1022.7868655283875;4
9082;18;1;1;5;1;0;81;72;60;1024.983318676273;1025.5287866334638;4
9089;8;0;0;0;1;0;5155;164;213;1025.6019144004313;1025.8670650518636;4
9099;7;0;0;0;1;0;5724;245;35;1026.8367572413458;1027.1304691549071;4
9139;64;1;1;4;1;0;14920;200;1;1031.7124976793223;1032.4659332917442;4
9157;41;0;0;0;1;0;4332;75;37;1033.62674503707;1033.8506393506314;4
9166;26;1;1;4;1;0;2724;486;312;1035.0934740732055;1035.2374728414557;4
9182;40;1;1;4;1;0;138;90;70;1037.0458907736208;1037.6716971599508;4
9211;26;1;1;4;1;0;3267;269;17;1040.8854816175578;1041.0563742511195;4
9262;9;1;1;4;1;0;16;23;108;1047.1892726807926;1048.8629664010225;4
9290;31;2;2;9;1;0;180;6;91;1050.941063822818;1051.2022668195987;4
9289;38;0;0;0;1;0;7805;378;7;1050.8694933125082;1051.2674254660694;4
9337;20;1;1;4;1;0;164;56;24;1056.3046393389625;1056.5981308357648;4
9363;21;1;1;5;1;0;12320;250;35;1060.0784644074336;1060.7019445472647;4
9379;30;2;2;8;1;1;6035;990;29;1061.343182072341;1061.649164829122;4
9420;52;0;0;0;1;0;2963;661;184;1066.9373043843889;1067.0894765811695;4
9421;52;0;0;0;1;0;2794;541;31;1067.194030518235;1067.3416213117962;4
9417;46;2;2;9;1;0;59;40;64;1066.2136070661786;1068.581647072461;4
9504;25;1;1;4;1;0;3630;4;38;1074.2626585745497;1074.447759553174;4
9507;57;0;0;1;1;0;1686;660;27;1074.3798715486316;1074.4722146621932;4
9511;34;1;1;4;1;0;9362;212;115;1074.7430635045491;1075.21489834133;4
9557;37;1;1;4;1;0;10416;36;20;1079.1130473864282;1079.6410917799897;4
9573;65;0;0;0;1;0;1148;309;62;1081.1750689757641;1081.2400628093253;4
9645;65;1;1;4;1;0;2420;385;30;1089.7928816844703;1089.9177272412512;4
9647;18;0;0;1;1;0;6585;49;60;1089.8895666695068;1090.2260279735344;4
9730;40;1;1;4;1;0;5632;5;135;1097.58822601808;1097.8734283748606;4
9757;39;0;0;0;1;0;133;34;166;1102.6738584119182;1102.70805529662;4
9705;3;2;2;8;1;0;158;487;210;1094.1283520636027;1106.486500216738;4
9780;1;0;0;0;1;0;7015;118;125;1106.2921997478918;1106.6502661713253;4
9783;1;2;2;8;1;0;3876;42;86;1106.492558648399;1106.6802637172343;4
9803;56;1;1;4;1;0;84;394;17;1108.4337909751816;1109.5394271802413;4
9817;7;2;2;8;1;0;3891;285;25;1110.2376779405474;1110.4397525086176;4
9872;28;0;0;0;1;0;494;457;94;1116.6393026434644;1116.6717859170258;4
9887;2;1;1;4;1;1;11741;380;314;1118.4786323368767;1119.0695246936575;4
9910;28;1;1;4;1;0;26;114;11;1121.1935219565003;1122.0109362125897;4
9916;66;2;2;8;1;0;1725;621;44;1121.951798826106;1122.0460420196675;4
9917;27;1;1;5;1;1;2153;334;283;1122.003310379028;1122.1185862125897;4
9936;56;1;1;4;1;0;13100;276;3;1125.0387315448413;1125.7012831384027;4
10011;57;1;1;4;1;0;4314;396;6;1132.4049131302756;1132.628318323837;4
10027;26;0;0;0;1;0;2397;301;286;1133.7993682585368;1133.9229831823347;4
10028;26;0;0;1;1;0;2661;444;90;1133.837249865554;1133.9741831823346;4
10044;40;0;0;1;1;0;10372;269;26;1135.526636079515;1136.062998441825;4
10063;66;0;0;1;1;0;5103;2;240;1137.0994765810954;1137.3565461456703;4
10075;19;1;1;4;1;0;143;153;37;1138.3140952398344;1138.5110769011008;4
10091;1;1;1;5;1;0;5492;96;1;1139.04756107416;1139.329436386496;4
10013;8;2;2;8;1;0;32;110;22;1132.551227684978;1139.6713885647737;4
10109;37;1;1;4;1;0;6666;73;308;1140.6469889178327;1140.987580671394;4
10130;21;2;2;8;1;0;174;460;68;1142.5242116615045;1144.4589976606132;4
10187;8;0;0;0;1;0;72;267;17;1148.0027652069507;1148.894328775483;4
10238;11;1;1;4;1;0;199;393;103;1154.1836337458458;1158.8845678936902;4
10330;26;1;1;4;1;0;3432;98;39;1165.592875192742;1165.771798946303;4
10338;64;0;0;1;1;0;2061;113;31;1166.6496116865867;1166.7563331633673;4
10332;25;1;1;4;1;0;40;13;117;1165.8268008685009;1167.2067548957266;4
10336;46;2;2;8;1;0;195;624;172;1166.5318835160383;1170.4351817038182;4
10366;16;1;1;4;1;0;137;25;21;1171.0529403573762;1171.4491797378769;4
10374;49;0;0;0;1;0;9171;436;54;1172.1046840679976;1172.570989904393;4
10380;20;1;1;4;1;0;7126;51;46;1172.6589564413773;1173.0225200349385;4
10393;63;1;1;5;1;1;17105;13;180;1174.226880305804;1175.0893452593652;4
10402;53;1;1;4;1;0;1067;1367;38;1175.135818554402;1175.1936425911827;4
10397;63;0;0;0;1;1;38617;1290;48;1174.6602880591897;1176.5955502115817;4
10407;28;2;2;8;1;0;16;242;63;1175.6285228495985;1177.9262457238242;4
10419;61;2;2;9;1;0;4592;173;112;1177.9188259702628;1178.1558246087002;4
10429;47;1;1;4;1;1;27456;12;297;1178.5041474999673;1179.8805543367482;4
10455;35;2;2;8;1;1;10628;283;39;1181.7204964422572;1182.2594569958185;4
10488;26;0;0;0;1;0;17660;93;2;1184.416797815727;1185.3070739536095;4
10507;8;0;0;0;1;0;858;6;59;1186.0321339607135;1186.0822399542749;4
10554;32;0;0;0;1;0;9354;141;19;1191.8876096884326;1192.3626770505136;4
10575;1;0;0;1;1;0;2128;327;13;1194.0645722114207;1194.1747806482012;4
10576;55;1;1;5;1;0;42;247;53;1194.0758830289924;1194.3432475025538;4
10581;56;0;0;1;1;0;14105;264;26;1194.4409233884164;1195.1499294384614;4
10599;13;1;1;4;1;0;10093;239;45;1196.1671532443875;1196.6793074779491;4
10634;43;0;0;0;1;0;489;183;15;1199.3566211828122;1199.3885037363737;4
10647;58;2;2;8;1;1;46007;3;11;1200.446392866707;1202.7503230699772;4
10706;41;1;1;5;1;0;9917;192;42;1206.2729047798075;1206.7761965265315;4
10725;68;0;0;0;1;0;3632;141;40;1209.6499024278007;1209.8351918245812;4
10727;45;2;2;8;1;0;41;39;3;1209.7226731022045;1211.6177138368305;4
10774;18;1;1;4;1;0;406;90;23;1215.5623634821832;1215.5899769957443;4
10788;37;0;0;1;1;0;10090;142;96;1217.6110898468617;1218.122969920423;4
10809;4;1;1;4;1;1;11014;21;7;1220.7445502812648;1221.302475474826;4
10825;20;0;0;0;1;0;5530;235;2;1224.0709239640807;1224.358523514423;4
10841;8;0;0;0;1;0;121;549;145;1227.8599837401719;1228.9232921275216;4
10850;55;2;2;8;1;0;4567;319;61;1228.8991168988493;1229.1350296518299;4
10856;13;0;0;0;1;0;12691;1484;75;1229.3683607557284;1230.0119599400641;4
10906;8;0;0;1;1;0;4289;143;115;1237.029642818141;1237.247774671999;4
10913;25;0;0;0;1;0;6055;932;178;1237.7000086391856;1238.0111015611374;4
10954;51;2;2;8;1;0;5977;215;12;1242.9107769140257;1243.2133636708063;4
10953;11;2;2;8;1;0;142;12;62;1242.9088845777865;1243.2133636708063;4
10986;58;1;1;4;1;1;23862;156;105;1246.5720975542722;1247.7688965510529;4
10997;63;2;2;8;1;1;19648;1605;27;1247.3326234074832;1248.3242534454291;4
11068;13;1;1;4;1;0;2490;525;66;1253.764643211684;1253.9119126993774;4
11088;64;2;2;8;1;0;3274;173;29;1254.9820810326958;1255.153151019035;4
11098;74;0;0;1;1;0;4419;188;75;1255.429646915728;1255.6580358692895;4
11097;46;0;0;0;1;0;6116;24;46;1255.4110974749;1255.7204858692894;4
11100;53;1;1;5;1;0;6791;9;48;1255.4407985356765;1255.7875583692378;4
11118;51;0;0;1;1;0;22386;158;85;1257.6567655672275;1258.779721162613;4
11136;32;1;1;4;1;0;92;112;70;1259.0205610098878;1261.3181991307401;4
11219;33;0;0;1;1;0;6721;85;192;1267.2232822862898;1267.5629858430705;4
11242;66;2;2;8;1;0;11234;59;33;1269.8073090041937;1270.3726459209745;4
11262;29;0;0;0;1;0;8441;354;145;1271.4978312040055;1271.9236801086306;4
11268;53;1;1;5;1;0;7829;140;81;1272.1728646995216;1272.5716444659595;4
11273;46;2;2;9;1;0;11498;247;89;1272.557996574016;1273.1403968668358;4
11289;41;2;2;8;1;0;3718;4;80;1273.8330918689471;1274.0261953025083;4
11301;29;0;0;1;1;0;8320;805;1;1276.3558673152288;1276.7800886799569;4
11327;39;1;1;4;1;0;4949;283;37;1280.031091163641;1280.2823214404216;4
11373;49;1;1;5;1;0;3745;134;18;1284.776324340619;1284.9709441741804;4
11406;55;0;0;0;1;0;39;470;1;1288.918680527325;1289.7090725733378;4
11416;5;2;2;8;1;0;5897;576;30;1290.3610732956408;1290.6638588892022;4
11435;24;1;1;4;1;0;12277;42;10;1292.6063345885634;1293.2273898410922;4
11458;60;1;1;4;1;1;70;23;97;1295.4363286255455;1295.7414618163791;4
11459;62;1;1;4;1;0;5932;27;26;1295.4412453795985;1295.7414618163791;4
11500;42;1;1;4;1;1;5743;128;232;1299.5414266862842;1299.832257763065;4
11506;66;0;0;0;1;0;13081;92;85;1300.2848643770703;1300.9425724138512;4
11522;19;0;0;0;1;0;10160;1269;36;1302.519495426906;1303.0318705872817;4
11540;8;1;1;4;1;0;2456;570;92;1304.9234999837447;1305.0542278973064;4
11543;3;1;1;4;1;0;5407;174;14;1305.1421634336575;1305.4162239504383;4
11549;37;2;2;8;1;0;2710;914;70;1305.524671938209;1305.6643560549896;4
11563;56;1;1;4;1;0;2313;182;9;1307.2710172863117;1307.394098559873;4
11577;51;0;0;0;1;0;3872;477;123;1308.1555342144447;1308.3569430880061;4
11564;48;1;1;4;1;1;18965;310;75;1307.4269751853199;1308.3828020360593;4
11580;65;1;1;4;1;0;6154;34;32;1308.4366400931415;1308.7515819267028;4
11598;12;0;0;0;1;0;3476;208;46;1310.2619951007507;1310.4417444411913;4
11615;15;1;1;4;1;0;12549;623;118;1312.0099842762843;1312.641432153065;4
11603;13;2;2;8;1;0;74;109;29;1310.8621759863465;1313.2888380682134;4
11634;44;2;2;8;1;0;4224;401;133;1313.6194287816888;1313.8383403752503;4
11677;50;2;2;8;1;0;9552;245;13;1316.367543368659;1316.852640085464;4
11801;24;1;1;4;1;0;11843;257;22;1327.9326617769425;1328.53233406156;4
11794;0;0;0;0;1;0;18759;118;214;1327.6290222455268;1328.5742888296588;4
11802;7;2;2;8;1;0;11232;103;57;1328.0352769032108;1328.6005244889807;4
11834;74;1;1;4;1;0;2024;289;125;1331.7660340148298;1331.8748022483912;4
11851;11;0;0;0;1;0;5729;4;124;1334.3099539092934;1334.6036073428547;4
11873;2;2;2;8;1;1;59857;622;13;1338.4083636803362;1341.4052098890081;4
11908;50;2;2;8;1;0;32;17;132;1343.726524814702;1348.5279836262764;4
11941;34;1;1;4;1;0;6182;14;76;1349.2239488431571;1349.5402650767185;4
11956;44;0;0;1;1;0;1912;14;57;1350.598650182966;1350.6978582997467;4
11961;69;0;0;0;1;1;6679;1030;148;1351.086758351996;1351.4292250655571;4
11966;20;1;1;4;1;0;4957;26;18;1351.5536418707022;1351.8086973505947;4
11987;12;2;2;8;1;0;4334;81;133;1354.4905656472456;1354.7145676408068;4
11996;40;0;0;1;1;0;2347;465;51;1355.3442423522908;1355.4693771429097;4
12069;36;0;0;0;1;0;10976;137;29;1363.4742594776362;1364.0304000308158;4
12102;4;0;0;0;1;1;46598;1335;49;1366.309776969009;1368.6485717944486;4
12127;21;0;0;0;1;0;6677;167;82;1369.4289016441614;1369.7701231724552;4
12152;31;0;0;0;1;0;7772;157;28;1371.5350105621483;1371.927310198929;4
12281;28;0;0;1;1;0;779;285;65;1382.8328917664169;1382.883045636759;4
12275;59;1;1;4;1;0;19061;232;47;1382.3522064087342;1383.309004045515;4
12310;16;0;0;1;1;0;17009;106;15;1384.488554280556;1385.3463031089323;4
12335;37;0;0;0;1;0;659;488;6;1386.9366885942227;1386.9774615477843;4
12353;37;0;0;0;1;0;6663;327;147;1389.5076938240752;1389.8484224293813;4
12473;18;0;0;0;1;0;135;34;1;1404.9674253143373;1406.7726834601492;4
12542;24;0;0;0;1;0;1153;477;56;1414.7598425944232;1414.8253014679844;4
12549;13;2;2;8;1;0;164;178;97;1415.237647961171;1418.7337177252173;4
12576;43;0;0;0;1;0;288;117;21;1419.1043969593384;1419.122470996119;4
12583;8;0;0;0;1;0;6172;180;34;1419.9841616721105;1420.300183339885;4
12584;52;1;1;4;1;0;6161;233;39;1420.1442508180942;1420.4597656551548;4
12574;55;2;2;9;1;0;139;3;13;1418.7265155716557;1424.270143757681;4
12657;67;0;0;1;1;0;3246;95;142;1427.2650072359877;1427.429844840312;4
12665;70;2;2;8;1;0;1282;112;25;1427.9496144646675;1428.021056138229;4
12659;47;1;1;4;1;1;32276;775;193;1427.4497513243675;1429.0676464811484;4
12696;35;1;1;4;1;1;40038;128;10;1431.6379008154947;1433.647162969056;4
12742;10;0;0;0;1;0;9651;265;2;1436.2735842849218;1436.763647522436;4
12849;41;0;0;1;1;0;2245;148;35;1445.1991549469412;1445.3165169467138;4
12787;61;2;2;8;1;0;176;12;51;1439.670602980095;1447.3791117933913;4
12861;24;0;0;0;1;0;11780;174;140;1446.875447677315;1447.4718577986562;4
12870;71;0;0;0;1;0;4936;420;196;1447.6661103323227;1447.9206096923233;4
12894;34;1;1;4;1;0;169;19;114;1450.3750474948108;1451.4789079489806;4
12937;17;1;1;4;1;1;3133;207;17;1455.2084672861888;1455.37258055975;4
12968;20;0;0;0;1;0;6486;180;35;1459.1086473545222;1459.436634784012;4
12982;9;1;1;4;1;0;96;438;9;1460.2759179575432;1461.1273193235777;4
12998;38;1;1;4;1;0;484;126;121;1462.0177299367758;1462.0456097335566;4
13006;70;0;0;0;1;0;3473;338;191;1463.1684252037317;1463.3635755282;4
13003;3;1;1;4;1;0;30;164;27;1462.617857738252;1464.0503304119854;4
13012;20;0;0;1;1;0;134;82;50;1463.8049958180657;1464.5572990916269;4
13025;18;1;1;4;1;0;20610;465;23;1466.6628633893704;1467.7011569029319;4
13040;30;0;0;0;1;1;19430;156;84;1468.0911109722713;1469.0700089658328;4
13050;9;0;0;1;1;0;7975;13;20;1469.2867736201183;1469.6890833112313;4
13071;28;0;0;0;1;0;4726;109;116;1471.6540329035079;1471.8976386209106;4
13111;31;2;2;10;1;0;851;532;11;1475.9372017250246;1476.0028309985858;4
13151;23;1;1;4;1;0;3517;7;132;1479.9167759265686;1480.0998332001302;4
13229;48;2;2;8;1;1;48518;362;14;1488.6619584303953;1491.0916687029853;4
13339;32;1;1;4;1;0;101;97;97;1498.3962028963979;1500.803832079844;4
13413;1;1;1;4;1;0;5650;515;30;1505.369080069153;1505.6594341001685;4
13427;21;2;2;9;1;0;3042;987;52;1506.6481874424555;1506.8045182792362;4
13436;43;0;0;1;1;0;2828;46;82;1507.879604553505;1508.0246331502858;4
13448;10;1;1;4;1;0;5787;314;163;1509.6709838559427;1509.967934089504;4
13458;46;1;1;5;1;0;5397;10;110;1510.4677897734298;1510.7448508869911;4
13435;40;2;2;8;1;0;32;875;13;1507.840213654406;1512.1255306257824;4
13496;70;1;1;4;1;0;9746;208;15;1515.1247596458243;1515.6194896834252;4
13526;40;0;0;0;1;0;800;85;116;1518.8886315143573;1518.9358895735384;4
13534;61;2;2;9;1;0;1967;353;41;1519.1931851749785;1519.2991853285398;4
13529;15;0;0;1;1;0;5548;112;72;1519.0393978593008;1519.3240913910233;4
13549;14;1;1;4;1;0;3576;301;420;1520.747411862803;1520.9337954563641;4
13560;57;1;1;4;1;0;1884;976;41;1522.046070345019;1522.1444941417997;4
13570;52;0;0;0;1;0;1142;120;28;1523.0673402420462;1523.1353651672507;4
13592;1;0;0;0;1;0;9858;175;47;1526.5103788375134;1527.0106582761648;4
13568;57;2;2;8;1;0;152;116;20;1522.9970047841935;1528.1567526799568;4
13607;3;0;0;0;1;0;3873;144;399;1528.3350497458923;1528.5360720630733;4
13617;49;0;0;0;1;0;4064;218;31;1529.244608291062;1529.4552856446235;4
13619;38;0;0;0;1;0;5995;218;9;1529.540134072181;1529.8436227489617;4
13624;51;0;0;0;1;0;6005;275;148;1530.0041957731175;1530.3081868096351;4
13662;40;1;1;4;1;0;3278;10;17;1534.245989294449;1534.4089328445878;4
13700;23;0;0;0;1;0;12392;63;6;1539.2763459246066;1539.9031751344983;4
13713;22;0;0;0;1;1;13027;2209;213;1540.3140210864294;1540.9747474097028;4
13723;49;2;2;8;1;0;402;187;13;1541.4071420262067;1541.4382871765488;4
13804;26;1;1;5;1;0;10187;444;140;1550.9298108845;1551.4468784490045;4
13797;28;0;0;0;1;0;120;164;133;1550.6816719844228;1552.1015981948162;4
13818;55;2;2;8;1;0;7762;1086;27;1552.0835210866157;1552.4802094801769;4
13826;65;1;1;4;1;0;7154;67;87;1553.015272884609;1553.3802425074891;4
13840;39;1;1;4;1;0;2045;269;20;1554.0726032007406;1554.1974947601052;4
13841;18;0;0;0;1;0;1925;134;3;1554.1321182122438;1554.2490880458051;4
13850;64;1;1;4;1;0;2159;120;156;1555.6604193009614;1555.7757212145227;4
13823;37;2;2;8;1;0;57;334;60;1552.708434014537;1557.7019914654063;4
13869;8;1;1;4;1;0;8446;161;59;1557.287818415414;1557.7174846191983;4
13907;13;1;1;4;1;0;1636;13;66;1561.3493876415105;1561.4384025950717;4
13954;14;1;1;4;1;0;4236;176;2;1566.1590481799844;1566.374559976765;4
13955;52;2;2;8;1;0;5701;315;5;1566.174708831299;1566.4635595880798;4
13982;7;0;0;0;1;0;2445;214;22;1568.8619465932725;1569.0148102236892;4
13981;7;1;1;4;1;0;4497;83;73;1568.7835648701146;1569.015719423676;4
13983;39;2;2;8;1;0;3707;19;217;1568.9752388258223;1569.1678114593838;4
14015;21;2;2;8;1;0;6062;148;15;1572.4986327754852;1572.8091205290468;4
14014;73;0;0;0;1;1;18937;337;72;1572.4642864309913;1573.418745201734;4
14049;18;2;2;8;1;0;4469;458;144;1575.3344874707902;1575.561829747571;4
14050;17;1;1;4;1;1;28136;1287;247;1575.615678256233;1577.0269010930137;4
14071;71;1;1;4;1;0;5527;135;18;1578.5134518063253;1578.7934873631061;4
14090;25;0;0;0;1;0;3154;167;7;1580.7975417003775;1580.9626537739387;4
14060;15;2;2;8;1;0;73;198;24;1576.985928487624;1583.8676830972947;4
14122;55;1;1;4;1;0;414;38;44;1585.4377158920322;1585.4620393688128;4
14172;36;1;1;4;1;0;1293;95;53;1593.8871873097671;1593.9591572233285;4
14173;74;2;2;8;1;0;104;161;4;1593.9250732981232;1596.565942921627;4
14200;49;0;0;0;1;0;4487;186;32;1597.635183380985;1597.8669697745463;4
14228;63;0;0;0;1;1;12548;1;59;1600.966851538873;1601.5978513356538;4
14236;68;2;2;8;1;0;5711;121;27;1601.8657420631039;1602.158645256665;4
14244;61;1;1;4;1;0;5372;41;261;1602.464347430975;1602.7365392154488;4
14296;29;0;0;1;1;0;8207;7;10;1606.9455002205939;1607.3630561093769;4
14334;65;1;1;5;1;0;4437;275;108;1611.5380916274858;1611.767491941047;4
14342;19;1;1;4;1;0;2860;67;83;1612.5629966861293;1612.70963872291;4
14355;36;0;0;0;1;0;1533;134;5;1613.300177110729;1613.3841901298042;4
14352;36;1;1;5;1;0;7695;199;89;1613.201247427919;1613.587199009251;4
14376;19;1;1;4;1;0;7862;17;30;1615.0569843616502;1615.4536943984308;4
14395;39;1;1;4;1;0;7748;252;3;1617.0926023026038;1617.4875231761655;4
14450;66;0;0;0;1;0;6052;143;54;1621.466549887031;1621.77650978626;4
14425;65;2;2;9;1;0;35;631;1;1619.4489272103078;1624.961130721561;4
14488;29;1;1;4;1;0;2090;57;8;1625.3759067287733;1625.4876780023346;4
14499;14;1;1;4;1;0;12101;490;32;1626.5214192987257;1627.130335613521;4
14545;31;0;0;0;1;0;4627;65;18;1631.2211149452294;1631.4597464587907;4
14647;50;0;0;0;1;0;2060;5;14;1645.6118824572432;1645.7220871708046;4
14667;8;1;1;4;1;0;8220;1021;27;1648.0254681674824;1648.4407207642632;4
14673;53;1;1;5;1;0;3169;1129;37;1648.568805882543;1648.7315775993236;4
14718;44;0;0;0;1;0;3156;266;1;1653.92309847628;1654.0846678730607;4
14729;48;0;0;1;1;1;5063;549;59;1655.0958217968328;1655.356872830394;4
14764;53;2;2;8;1;0;2;343;46;1659.801524017326;1660.6070932485632;4
14794;36;0;0;0;1;0;5871;14;96;1662.7445487863185;1663.04531501988;4
14815;34;1;1;5;1;0;1400;385;5;1665.4690369588477;1665.5428825156284;4
14813;34;1;1;4;1;0;9959;93;101;1665.3072973373316;1665.8244321245868;4
14812;4;0;0;0;1;1;24773;151;43;1665.239125938821;1666.4814717356016;4
14847;12;2;2;8;1;0;4052;302;88;1669.169938066793;1669.3763305035739;4
14850;32;0;0;0;1;0;7764;412;1;1669.8848668972462;1670.2807839637414;4
14886;65;0;0;0;1;0;157;81;9;1673.3587386654128;1673.9083051304792;4
14945;37;1;1;4;1;0;4001;1107;42;1677.9424133424166;1678.14674242283;4
14943;20;2;2;8;1;0;42;75;4;1677.8156277481123;1678.4027523159734;4
14972;65;1;1;5;1;0;2136;324;7;1680.05188900698;1680.1584988460042;4
14961;52;0;0;0;1;0;21293;37;55;1679.346053005689;1680.4178998221985;4
14984;34;2;2;8;1;0;6174;138;1;1680.9789044541317;1681.294979407693;4
15004;49;0;0;0;1;0;178;37;30;1683.0485175352624;1683.1605634252194;4
15012;27;0;0;0;1;1;17738;1121;78;1683.8568834046437;1684.752416598205;4
15040;43;0;0;0;1;0;2243;505;24;1686.3798865624346;1686.4998812759961;4
15067;66;1;1;4;1;0;126;607;55;1688.9174255152766;1690.642793389418;4
15117;50;2;2;8;1;0;72;199;40;1693.82144822679;1700.4357491644384;4
15165;7;2;2;8;1;0;198;212;219;1701.0711753892554;1705.5134348404129;4
15205;64;0;0;1;1;0;3369;109;35;1706.6623464065565;1706.8344310738912;4
15223;33;1;1;4;1;0;184;663;64;1709.127800591522;1709.4846975450835;4
15226;50;0;0;0;1;0;6451;117;341;1709.6439778955796;1709.970155348435;4
15276;57;0;0;0;1;0;1647;66;73;1716.182769221081;1716.2687606178615;4
15283;61;0;0;0;1;0;9182;384;141;1717.056010606065;1717.520785560831;4
15302;5;0;0;0;1;0;3456;164;81;1719.0981698143676;1719.2746739311483;4
15315;4;0;0;0;1;1;15138;142;104;1720.7621480516666;1721.5227380884473;4
15369;74;1;1;4;1;0;1315;427;4;1726.56336461935;1726.6329870561308;4
15404;70;0;0;1;1;0;5059;752;100;1729.9701802386737;1730.2272106754544;4
15483;40;0;0;0;1;0;5819;493;110;1737.7849461531252;1738.0767770446516;4
15452;24;1;1;4;1;0;92;573;93;1734.716213884071;1738.2717008284073;4
15490;24;1;1;4;1;0;1891;38;53;1738.7237030547906;1738.8218765315712;4
15489;19;0;0;0;1;0;7311;556;43;1738.6741151529936;1739.0475431955604;4
15545;34;1;1;4;1;0;3147;31;51;1743.4613820397421;1743.6223510365228;4
15597;64;1;1;4;1;0;21;193;98;1748.0892165515813;1750.9009357774837;4
15622;33;0;0;1;1;0;6557;974;8;1750.8657232457285;1751.2020182792896;4
15641;19;0;0;0;1;0;3076;216;128;1753.498539600007;1753.6598143935685;4
15666;50;2;2;8;1;0;137;118;30;1756.5883070244572;1762.0881094076624;4
15710;69;0;0;0;1;1;10;570;133;1761.6948494308176;1763.500092740351;4
15730;50;0;0;0;1;0;3887;20;18;1763.7125719404662;1763.9141458540278;4
15726;9;2;2;9;1;0;11017;142;32;1763.4190164495944;1763.9735197413202;4
15745;4;2;2;8;1;1;24621;370;36;1766.0361647089364;1767.2748649896257;4
15803;12;1;1;4;1;0;7649;16;11;1776.7454657382143;1777.1315024177748;4
15816;20;1;1;4;1;0;10043;21;49;1778.2396869949282;1778.7490621884895;4
15839;28;2;2;9;1;0;3246;174;34;1780.5666616923709;1780.7326722091516;4
15882;61;0;0;0;1;0;5168;1080;13;1784.1837796079308;1784.4507603214922;4
15975;46;1;1;4;1;0;2860;121;68;1794.1006476795599;1794.2473242763406;4
16003;19;0;0;1;1;0;5859;703;158;1796.5688995530088;1796.8736479833512;4
